34600 - - [30/Apr/1998:21:30:17 +0000] "GET /images/hm_bg.jpg HTTP/1.0" 200 24736
232 - - [30/Apr/1998:21:30:53 +0000] "GET /images/hm_bg.jpg HTTP/1.0" 200 24736
282 - - [30/Apr/1998:21:31:12 +0000] "GET /images/hm_bg.jpg HTTP/1.0" 200 24736
9719 - - [30/Apr/1998:21:31:19 +0000] "GET /french/splash_inet.html HTTP/1.0" 200 3781
9719 - - [30/Apr/1998:21:31:22 +0000] "GET /images/hm_nbg.jpg HTTP/1.0" 304 -
252 - - [30/Apr/1998:21:31:27 +0000] "GET /images/hm_bg.jpg HTTP/1.0" 200 24736
9719 - - [30/Apr/1998:21:31:29 +0000] "GET /images/hm_brdl.gif HTTP/1.0" 304 -
9719 - - [30/Apr/1998:21:31:29 +0000] "GET /images/hm_arw.gif HTTP/1.0" 304 -
9719 - - [30/Apr/1998:21:31:32 +0000] "GET /images/nav_bg_top.gif HTTP/1.0" 200 929
9719 - - [30/Apr/1998:21:31:43 +0000] "GET /french/images/nav_venue_off.gif HTTP/1.0" 304 -
9719 - - [30/Apr/1998:21:31:44 +0000] "GET /french/images/nav_hosts_off.gif HTTP/1.0" 200 1139
258 - - [30/Apr/1998:21:31:52 +0000] "GET /images/hm_bg.jpg HTTP/1.0" 200 24736
9719 - - [30/Apr/1998:21:31:52 +0000] "GET /french/tickets/body.html HTTP/1.0" 200 3029
376 - - [30/Apr/1998:21:32:06 +0000] "GET /images/hm_bg.jpg HTTP/1.0" 200 24736
9719 - - [30/Apr/1998:21:32:16 +0000] "GET /french/tickets/images/ticket_hm_header.gif HTTP/1.0" 304 -
9719 - - [30/Apr/1998:21:32:16 +0000] "GET /french/tickets/images/ticket_hm_nav.gif HTTP/1.0" 304 -
9719 - - [30/Apr/1998:21:32:17 +0000] "GET /images/arw_lk.gif HTTP/1.0" 304 -
9719 - - [30/Apr/1998:21:32:30 +0000] "GET /french/tickets/tck_0804.htm HTTP/1.0" 200 14521
9719 - - [30/Apr/1998:21:32:33 +0000] "GET /french/tickets/images/ticket_quest_bg2.jpg HTTP/1.0" 200 11324
382 - - [30/Apr/1998:21:32:35 +0000] "GET /images/hm_bg.jpg HTTP/1.0" 200 24736
9719 - - [30/Apr/1998:21:32:38 +0000] "GET /french/tickets/images/ticket_header.gif HTTP/1.0" 200 671
9719 - - [30/Apr/1998:21:32:38 +0000] "GET /french/tickets/images/ticket_bu_abroad2.gif HTTP/1.0" 200 1512
9719 - - [30/Apr/1998:21:32:38 +0000] "GET /french/tickets/images/ticket_bu_infrance2.gif HTTP/1.0" 200 1136
9719 - - [30/Apr/1998:21:32:38 +0000] "GET /french/tickets/images/hm_f98_top.gif HTTP/1.0" 200 1647
9719 - - [30/Apr/1998:21:32:38 +0000] "GET /french/tickets/images/ticket_bu_quest2.gif HTTP/1.0" 200 1271
9719 - - [30/Apr/1998:21:32:52 +0000] "GET /french/news/3004bres.htm HTTP/1.0" 200 5933
9719 - - [30/Apr/1998:21:32:58 +0000] "GET /french/images/hm_f98_top.gif HTTP/1.0" 304 -
9719 - - [30/Apr/1998:21:32:59 +0000] "GET /images/bord_d.gif HTTP/1.0" 200 231
9719 - - [30/Apr/1998:21:32:59 +0000] "GET /images/bord_g.gif HTTP/1.0" 200 231
269 - - [30/Apr/1998:21:33:05 +0000] "GET /images/hm_bg.jpg HTTP/1.0" 200 24736
650 - - [30/Apr/1998:21:33:09 +0000] "GET /images/hm_bg.jpg HTTP/1.0" 200 24736
284 - - [30/Apr/1998:21:33:20 +0000] "GET /images/hm_bg.jpg HTTP/1.0" 200 24736
287 - - [30/Apr/1998:21:33:29 +0000] "GET /images/hm_bg.jpg HTTP/1.0" 200 24736
55 - - [30/Apr/1998:21:33:32 +0000] "GET /french/index.html HTTP/1.0" 200 985
285 - - [30/Apr/1998:21:33:35 +0000] "GET /images/hm_bg.jpg HTTP/1.0" 200 24736
348 - - [30/Apr/1998:21:33:45 +0000] "GET /images/hm_bg.jpg HTTP/1.0" 200 24736
390 - - [30/Apr/1998:21:34:01 +0000] "GET /images/hm_bg.jpg HTTP/1.0" 200 24736
55 - - [30/Apr/1998:21:34:04 +0000] "GET /french/index.html HTTP/1.0" 200 985
649 - - [30/Apr/1998:21:34:24 +0000] "GET /images/hm_bg.jpg HTTP/1.0" 200 24736
679 - - [30/Apr/1998:21:35:32 +0000] "GET /images/hm_bg.jpg HTTP/1.0" 200 24736
686 - - [30/Apr/1998:21:35:36 +0000] "GET /images/hm_bg.jpg HTTP/1.0" 200 24736
353 - - [30/Apr/1998:21:36:01 +0000] "GET /images/hm_bg.jpg HTTP/1.0" 200 24736
430 - - [30/Apr/1998:21:36:13 +0000] "GET /images/hm_bg.jpg HTTP/1.0" 200 24736
377 - - [30/Apr/1998:21:36:56 +0000] "GET /images/hm_bg.jpg HTTP/1.0" 200 24736
514 - - [30/Apr/1998:21:37:16 +0000] "GET /images/hm_bg.jpg HTTP/1.0" 200 24736
347 - - [30/Apr/1998:21:37:30 +0000] "GET /images/hm_bg.jpg HTTP/1.0" 200 24736
559 - - [30/Apr/1998:21:37:39 +0000] "GET /images/hm_bg.jpg HTTP/1.0" 200 24736
398 - - [30/Apr/1998:21:37:50 +0000] "GET /images/hm_bg.jpg HTTP/1.0" 200 24736
104 - - [30/Apr/1998:21:38:04 +0000] "GET /images/hm_bg.jpg HTTP/1.0" 200 24736
34600 - - [30/Apr/1998:21:38:26 +0000] "GET /images/hm_bg.jpg HTTP/1.0" 200 24736
365 - - [30/Apr/1998:21:38:35 +0000] "GET /images/hm_bg.jpg HTTP/1.0" 200 24736
184 - - [30/Apr/1998:21:38:43 +0000] "GET /images/hm_bg.jpg HTTP/1.0" 200 24736
55 - - [30/Apr/1998:21:38:59 +0000] "GET /french/index.html HTTP/1.0" 200 985
56 - - [30/Apr/1998:21:39:09 +0000] "GET /images/hm_bg.jpg HTTP/1.0" 200 24736
161 - - [30/Apr/1998:21:39:10 +0000] "GET /images/hm_bg.jpg HTTP/1.0" 200 24736
493 - - [30/Apr/1998:21:39:10 +0000] "GET /images/hm_bg.jpg HTTP/1.0" 200 24736
34601 - - [30/Apr/1998:21:39:14 +0000] "GET /images/hm_bg.jpg HTTP/1.0" 200 24736
387 - - [30/Apr/1998:21:39:22 +0000] "GET /images/hm_bg.jpg HTTP/1.0" 200 24736
55 - - [30/Apr/1998:21:39:32 +0000] "GET /french/index.html HTTP/1.0" 200 985
34602 - - [30/Apr/1998:21:39:42 +0000] "GET /fth.htm HTTP/1.1" 200 190
180 - - [30/Apr/1998:21:39:53 +0000] "GET /images/hm_bg.jpg HTTP/1.0" 200 24736
176 - - [30/Apr/1998:21:39:58 +0000] "GET /images/hm_bg.jpg HTTP/1.0" 200 24736
448 - - [30/Apr/1998:21:40:00 +0000] "GET /images/hm_bg.jpg HTTP/1.0" 200 24736
260 - - [30/Apr/1998:21:41:18 +0000] "GET /images/hm_bg.jpg HTTP/1.0" 200 24736
1612 - - [30/Apr/1998:21:41:33 +0000] "GET /images/teams_hm_bg.jpg HTTP/1.0" 304 -
235 - - [30/Apr/1998:21:41:40 +0000] "GET /images/hm_bg.jpg HTTP/1.0" 200 24736
439 - - [30/Apr/1998:21:41:50 +0000] "GET /images/hm_bg.jpg HTTP/1.0" 200 24736
248 - - [30/Apr/1998:21:41:58 +0000] "GET /images/hm_bg.jpg HTTP/1.0" 200 24736
249 - - [30/Apr/1998:21:42:02 +0000] "GET /images/hm_bg.jpg HTTP/1.0" 200 24736
218 - - [30/Apr/1998:21:42:32 +0000] "GET /images/hm_bg.jpg HTTP/1.0" 200 24736
128 - - [30/Apr/1998:21:43:02 +0000] "GET /images/hm_bg.jpg HTTP/1.0" 200 24736
139 - - [30/Apr/1998:21:43:25 +0000] "GET /images/hm_bg.jpg HTTP/1.0" 200 24736
55 - - [30/Apr/1998:21:43:32 +0000] "GET /french/index.html HTTP/1.0" 200 985
505 - - [30/Apr/1998:21:43:44 +0000] "GET /images/hm_bg.jpg HTTP/1.0" 200 24736
55 - - [30/Apr/1998:21:44:09 +0000] "GET /french/index.html HTTP/1.0" 200 985
221 - - [30/Apr/1998:21:44:24 +0000] "GET /images/hm_bg.jpg HTTP/1.0" 200 24736
175 - - [30/Apr/1998:21:44:27 +0000] "GET /images/hm_bg.jpg HTTP/1.0" 200 24736
34603 - - [30/Apr/1998:21:44:39 +0000] "GET /images/hm_bg.jpg HTTP/1.0" 200 24736
201 - - [30/Apr/1998:21:45:04 +0000] "GET /images/hm_bg.jpg HTTP/1.0" 200 24736
273 - - [30/Apr/1998:21:45:18 +0000] "GET /images/hm_bg.jpg HTTP/1.0" 200 24736
650 - - [30/Apr/1998:21:45:50 +0000] "GET /images/hm_bg.jpg HTTP/1.0" 200 24736
232 - - [30/Apr/1998:21:45:54 +0000] "GET /images/hm_bg.jpg HTTP/1.0" 200 24736
1612 - - [30/Apr/1998:21:46:18 +0000] "GET /images/nantes.gif HTTP/1.0" 304 -
252 - - [30/Apr/1998:21:46:25 +0000] "GET /images/hm_bg.jpg HTTP/1.0" 200 24736
376 - - [30/Apr/1998:21:46:38 +0000] "GET /images/hm_bg.jpg HTTP/1.0" 200 24736
258 - - [30/Apr/1998:21:46:56 +0000] "GET /images/hm_bg.jpg HTTP/1.0" 200 24736
34604 - - [30/Apr/1998:21:47:02 +0000] "GET /french/index.html HTTP/1.0" 304 0
34604 - - [30/Apr/1998:21:47:06 +0000] "GET /french/nav_inet.html HTTP/1.0" 304 0
34604 - - [30/Apr/1998:21:47:06 +0000] "GET /french/splash_inet.html HTTP/1.0" 200 3781
34604 - - [30/Apr/1998:21:47:06 +0000] "GET /french/nav_top_inet.html HTTP/1.0" 304 0
34604 - - [30/Apr/1998:21:47:07 +0000] "GET /images/nav_bg_top.gif HTTP/1.0" 304 0
34604 - - [30/Apr/1998:21:47:08 +0000] "GET /images/hm_nbg.jpg HTTP/1.0" 200 33665
34604 - - [30/Apr/1998:21:47:11 +0000] "GET /images/logo_cfo.gif HTTP/1.0" 304 0
34604 - - [30/Apr/1998:21:47:12 +0000] "GET /french/ProScroll.class HTTP/1.0" 304 0
34604 - - [30/Apr/1998:21:47:14 +0000] "GET /images/nav_bg_bottom.jpg HTTP/1.0" 304 0
34604 - - [30/Apr/1998:21:47:14 +0000] "GET /french/images/nav_news_off.gif HTTP/1.0" 304 0
34604 - - [30/Apr/1998:21:47:14 +0000] "GET /french/images/nav_comp_off.gif HTTP/1.0" 304 0
34604 - - [30/Apr/1998:21:47:18 +0000] "GET /french/images/nav_venue_off.gif HTTP/1.0" 304 0
382 - - [30/Apr/1998:21:47:28 +0000] "GET /images/hm_bg.jpg HTTP/1.0" 200 24736
34604 - - [30/Apr/1998:21:47:29 +0000] "GET /french/images/nav_tickets_off.gif HTTP/1.0" 304 0
34604 - - [30/Apr/1998:21:47:31 +0000] "GET /french/news/3004bres.htm HTTP/1.0" 200 5933
34604 - - [30/Apr/1998:21:47:31 +0000] "GET /french/images/nav_field_off.gif HTTP/1.0" 304 0
34604 - - [30/Apr/1998:21:47:32 +0000] "GET /french/images/nav_history_off.gif HTTP/1.0" 304 0
34604 - - [30/Apr/1998:21:47:35 +0000] "GET /images/backnews.gif HTTP/1.0" 304 0
34604 - - [30/Apr/1998:21:47:38 +0000] "GET /french/images/nav_team_off.gif HTTP/1.0" 304 0
34604 - - [30/Apr/1998:21:47:38 +0000] "GET /french/images/nav_store_off.gif HTTP/1.0" 304 0
34604 - - [30/Apr/1998:21:47:38 +0000] "GET /french/images/nav_home_off.gif HTTP/1.0" 304 0
34604 - - [30/Apr/1998:21:47:39 +0000] "GET /french/images/nav_sitemap_off.gif HTTP/1.0" 304 0
34604 - - [30/Apr/1998:21:47:39 +0000] "GET /french/images/fpnewstop.gif HTTP/1.0" 200 1317
34604 - - [30/Apr/1998:21:47:40 +0000] "GET /french/images/hm_f98_top.gif HTTP/1.0" 304 0
34604 - - [30/Apr/1998:21:47:41 +0000] "GET /french/images/news_btn_letter_off.gif HTTP/1.0" 200 871
34604 - - [30/Apr/1998:21:47:41 +0000] "GET /french/images/news_btn_press_off.gif HTTP/1.0" 200 1795
34604 - - [30/Apr/1998:21:47:42 +0000] "GET /french/images/news_btn_kits_off.gif HTTP/1.0" 200 965
34604 - - [30/Apr/1998:21:47:42 +0000] "GET /french/images/nav_hosts_off.gif HTTP/1.0" 304 0
34604 - - [30/Apr/1998:21:47:42 +0000] "GET /french/images/nav_logo_sponsors.gif HTTP/1.0" 304 0
34604 - - [30/Apr/1998:21:47:43 +0000] "GET /images/bord_d.gif HTTP/1.0" 200 231
34604 - - [30/Apr/1998:21:47:44 +0000] "GET /images/bord_g.gif HTTP/1.0" 200 231
282 - - [30/Apr/1998:21:47:48 +0000] "GET /images/hm_bg.jpg HTTP/1.0" 200 24736
269 - - [30/Apr/1998:21:48:04 +0000] "GET /images/hm_bg.jpg HTTP/1.0" 200 24736
284 - - [30/Apr/1998:21:48:20 +0000] "GET /images/hm_bg.jpg HTTP/1.0" 200 24736
34604 - - [30/Apr/1998:21:48:20 +0000] "GET /french/news/newsprr.htm HTTP/1.0" 200 28486
34604 - - [30/Apr/1998:21:48:25 +0000] "GET /french/images/space.gif HTTP/1.0" 304 0
34604 - - [30/Apr/1998:21:48:26 +0000] "GET /images/space.gif HTTP/1.0" 304 0
34604 - - [30/Apr/1998:21:48:26 +0000] "GET /french/images/news_btn_press_on.gif HTTP/1.0" 200 1757
34604 - - [30/Apr/1998:21:48:26 +0000] "GET /images/hm_f98_top.gif HTTP/1.0" 200 915
34604 - - [30/Apr/1998:21:48:28 +0000] "GET /french/images/news_hd_press.gif HTTP/1.0" 304 0
34604 - - [30/Apr/1998:21:48:28 +0000] "GET /images/news_arrow.gif HTTP/1.0" 304 0
55 - - [30/Apr/1998:21:48:32 +0000] "GET /french/index.html HTTP/1.0" 200 985
287 - - [30/Apr/1998:21:48:44 +0000] "GET /images/hm_bg.jpg HTTP/1.0" 200 24736
348 - - [30/Apr/1998:21:48:47 +0000] "GET /images/hm_bg.jpg HTTP/1.0" 200 24736
390 - - [30/Apr/1998:21:48:47 +0000] "GET /images/hm_bg.jpg HTTP/1.0" 200 24736
285 - - [30/Apr/1998:21:48:51 +0000] "GET /images/hm_bg.jpg HTTP/1.0" 200 24736
55 - - [30/Apr/1998:21:48:58 +0000] "GET /french/index.html HTTP/1.0" 200 985
493 - - [30/Apr/1998:21:49:13 +0000] "GET /images/hm_bg.jpg HTTP/1.0" 200 24736
34602 - - [30/Apr/1998:21:49:56 +0000] "GET /fth.htm HTTP/1.1" 200 190
686 - - [30/Apr/1998:21:50:49 +0000] "GET /images/hm_bg.jpg HTTP/1.0" 200 24736
679 - - [30/Apr/1998:21:50:56 +0000] "GET /images/hm_bg.jpg HTTP/1.0" 200 24736
649 - - [30/Apr/1998:21:51:05 +0000] "GET /images/hm_bg.jpg HTTP/1.0" 200 24736
34600 - - [30/Apr/1998:21:51:22 +0000] "GET /images/hm_bg.jpg HTTP/1.0" 200 24736
353 - - [30/Apr/1998:21:51:23 +0000] "GET /images/hm_bg.jpg HTTP/1.0" 200 24736
34605 - - [30/Apr/1998:21:51:36 +0000] "GET /french/history/past_cups/argentina78.html HTTP/1.0" 200 20916
34605 - - [30/Apr/1998:21:51:39 +0000] "GET /french/history/images/history_hm_header.gif HTTP/1.0" 200 1034
34605 - - [30/Apr/1998:21:51:39 +0000] "GET /french/history/images/football.GIF HTTP/1.0" 200 1452
34605 - - [30/Apr/1998:21:51:39 +0000] "GET /french/history/images/france98b.GIF HTTP/1.0" 200 915
34605 - - [30/Apr/1998:21:51:41 +0000] "GET /french/history/images/infrance.GIF HTTP/1.0" 200 1017
34605 - - [30/Apr/1998:21:51:41 +0000] "GET /french/history/images/reading.GIF HTTP/1.0" 200 1094
34605 - - [30/Apr/1998:21:51:41 +0000] "GET /french/history/past_cups/images/past_bu_30_off.gif HTTP/1.0" 200 406
34605 - - [30/Apr/1998:21:51:42 +0000] "GET /french/history/past_cups/images/past_bu_38_off.gif HTTP/1.0" 200 436
34605 - - [30/Apr/1998:21:51:43 +0000] "GET /french/history/past_cups/images/past_bu_54_off.gif HTTP/1.0" 200 403
34605 - - [30/Apr/1998:21:51:44 +0000] "GET /french/history/past_cups/images/past_bu_62_off.gif HTTP/1.0" 200 437
34605 - - [30/Apr/1998:21:51:45 +0000] "GET /french/history/past_cups/images/past_bu_70_off.gif HTTP/1.0" 200 409
34605 - - [30/Apr/1998:21:51:45 +0000] "GET /french/history/past_cups/images/past_bu_78_on.gif HTTP/1.0" 200 501
34605 - - [30/Apr/1998:21:51:46 +0000] "GET /french/history/past_cups/images/past_bu_94_off.gif HTTP/1.0" 200 432
34605 - - [30/Apr/1998:21:51:46 +0000] "GET /french/history/past_cups/images/past_bu_86_off.gif HTTP/1.0" 200 409
34605 - - [30/Apr/1998:21:51:46 +0000] "GET /french/history/past_cups/images/posters/argentina78.gif HTTP/1.0" 200 4033
34605 - - [30/Apr/1998:21:51:47 +0000] "GET /images/hist7802.jpg HTTP/1.0" 200 10813
34605 - - [30/Apr/1998:21:51:47 +0000] "GET /french/history/past_cups/images/past_trophy2.gif HTTP/1.0" 200 443
34605 - - [30/Apr/1998:21:51:48 +0000] "GET /french/history/past_cups/images/past_bu_50_off.gif HTTP/1.0" 200 392
34605 - - [30/Apr/1998:21:51:48 +0000] "GET /french/history/past_cups/images/past_header.gif HTTP/1.0" 200 2077
34605 - - [30/Apr/1998:21:51:50 +0000] "GET /french/history/past_cups/images/past_bu_66_off.gif HTTP/1.0" 200 435
34605 - - [30/Apr/1998:21:51:51 +0000] "GET /french/history/past_cups/images/past_bu_82_off.gif HTTP/1.0" 200 433
34605 - - [30/Apr/1998:21:51:52 +0000] "GET /french/history/past_cups/images/past_bracket_top.gif HTTP/1.0" 200 289
34605 - - [30/Apr/1998:21:51:53 +0000] "GET /images/hist7801.jpg HTTP/1.0" 200 12855
34605 - - [30/Apr/1998:21:51:53 +0000] "GET /french/history/past_cups/images/past_bu_74_off.gif HTTP/1.0" 200 423
34605 - - [30/Apr/1998:21:51:53 +0000] "GET /french/history/past_cups/images/past_bu_34_off.gif HTTP/1.0" 200 397
34605 - - [30/Apr/1998:21:51:55 +0000] "GET /french/history/past_cups/images/past_bracket_bot.gif HTTP/1.0" 200 631
34605 - - [30/Apr/1998:21:51:57 +0000] "GET /french/history/past_cups/images/past_bu_58_off.gif HTTP/1.0" 200 397
34605 - - [30/Apr/1998:21:51:57 +0000] "GET /french/history/past_cups/images/past_bu_90_off.gif HTTP/1.0" 200 429
34605 - - [30/Apr/1998:21:51:57 +0000] "GET /french/history/images/thecup.GIF HTTP/1.0" 200 1036
430 - - [30/Apr/1998:21:52:10 +0000] "GET /images/hm_bg.jpg HTTP/1.0" 200 24736
377 - - [30/Apr/1998:21:52:12 +0000] "GET /images/hm_bg.jpg HTTP/1.0" 200 24736
347 - - [30/Apr/1998:21:52:17 +0000] "GET /images/hm_bg.jpg HTTP/1.0" 200 24736
398 - - [30/Apr/1998:21:52:56 +0000] "GET /images/hm_bg.jpg HTTP/1.0" 200 24736
104 - - [30/Apr/1998:21:52:59 +0000] "GET /images/hm_bg.jpg HTTP/1.0" 200 24736
34607 - - [30/Apr/1998:21:53:08 +0000] "GET /french/index.html HTTP/1.0" 200 985
34607 - - [30/Apr/1998:21:53:11 +0000] "GET /french/nav_top_inet.html HTTP/1.0" 200 374
34607 - - [30/Apr/1998:21:53:11 +0000] "GET /french/splash_inet.html HTTP/1.0" 200 3781
34607 - - [30/Apr/1998:21:53:11 +0000] "GET /french/nav_inet.html HTTP/1.0" 200 2739
365 - - [30/Apr/1998:21:53:12 +0000] "GET /images/hm_bg.jpg HTTP/1.0" 200 24736
34607 - - [30/Apr/1998:21:53:13 +0000] "GET /images/nav_bg_bottom.jpg HTTP/1.0" 200 8389
34607 - - [30/Apr/1998:21:53:13 +0000] "GET /images/logo_cfo.gif HTTP/1.0" 200 1504
34607 - - [30/Apr/1998:21:53:13 +0000] "GET /french/images/nav_team_off.gif HTTP/1.0" 200 870
34607 - - [30/Apr/1998:21:53:13 +0000] "GET /images/nav_bg_top.gif HTTP/1.0" 200 929
34607 - - [30/Apr/1998:21:53:14 +0000] "GET /french/images/nav_news_off.gif HTTP/1.0" 200 855
34607 - - [30/Apr/1998:21:53:14 +0000] "GET /french/images/nav_comp_off.gif HTTP/1.0" 200 995
34607 - - [30/Apr/1998:21:53:18 +0000] "GET /french/images/nav_sitemap_off.gif HTTP/1.0" 200 413
34607 - - [30/Apr/1998:21:53:20 +0000] "GET /french/images/nav_field_off.gif HTTP/1.0" 200 982
34607 - - [30/Apr/1998:21:53:21 +0000] "GET /french/images/nav_hosts_off.gif HTTP/1.0" 200 1139
34607 - - [30/Apr/1998:21:53:22 +0000] "GET /images/hm_nbg.jpg HTTP/1.0" 200 33665
34607 - - [30/Apr/1998:21:53:22 +0000] "GET /images/space.gif HTTP/1.0" 200 42
34607 - - [30/Apr/1998:21:53:23 +0000] "GET /french/images/nav_store_off.gif HTTP/1.0" 200 976
34607 - - [30/Apr/1998:21:53:24 +0000] "GET /french/ProScroll.class HTTP/1.0" 200 6507
34607 - - [30/Apr/1998:21:53:24 +0000] "GET /french/images/hm_official.gif HTTP/1.0" 200 972
34607 - - [30/Apr/1998:21:53:24 +0000] "GET /french/images/nav_logo_sponsors.gif HTTP/1.0" 200 1991
34606 - - [30/Apr/1998:21:53:24 +0000] "GET /images/space.gif HTTP/1.0" 304 -
34607 - - [30/Apr/1998:21:53:25 +0000] "GET /french/images/nav_home_off.gif HTTP/1.0" 200 915
34607 - - [30/Apr/1998:21:53:26 +0000] "GET /french/images/nav_history_off.gif HTTP/1.0" 200 966
34607 - - [30/Apr/1998:21:53:28 +0000] "GET /french/images/nav_venue_off.gif HTTP/1.0" 200 945
34607 - - [30/Apr/1998:21:53:30 +0000] "GET /french/images/nav_tickets_off.gif HTTP/1.0" 200 965
55 - - [30/Apr/1998:21:53:31 +0000] "GET /french/index.html HTTP/1.0" 200 985
34607 - - [30/Apr/1998:21:53:37 +0000] "GET /images/hm_anime_f.gif HTTP/1.0" 200 15529
34607 - - [30/Apr/1998:21:53:37 +0000] "GET /images/hm_day_f.gif HTTP/1.0" 200 574
34607 - - [30/Apr/1998:21:53:39 +0000] "GET /images/hm_brdl.gif HTTP/1.0" 200 208
34607 - - [30/Apr/1998:21:53:41 +0000] "GET /images/hm_linkf.gif HTTP/1.0" 200 123
34607 - - [30/Apr/1998:21:53:44 +0000] "GET /images/hm_arw.gif HTTP/1.0" 200 1050
34607 - - [30/Apr/1998:21:53:48 +0000] "GET /images/dot.gif HTTP/1.0" 200 43
34607 - - [30/Apr/1998:21:53:48 +0000] "GET /images/hm_brdr.gif HTTP/1.0" 200 235
34607 - - [30/Apr/1998:21:53:51 +0000] "GET /images/info.gif HTTP/1.0" 200 1251
387 - - [30/Apr/1998:21:54:08 +0000] "GET /images/hm_bg.jpg HTTP/1.0" 200 24736
34601 - - [30/Apr/1998:21:54:15 +0000] "GET /images/hm_bg.jpg HTTP/1.0" 200 24736
161 - - [30/Apr/1998:21:54:28 +0000] "GET /images/hm_bg.jpg HTTP/1.0" 200 24736
56 - - [30/Apr/1998:21:54:28 +0000] "GET /images/hm_bg.jpg HTTP/1.0" 200 24736
176 - - [30/Apr/1998:21:54:44 +0000] "GET /images/hm_bg.jpg HTTP/1.0" 200 24736
34607 - - [30/Apr/1998:21:54:45 +0000] "GET /french/frntpage.htm HTTP/1.0" 200 12824
55 - - [30/Apr/1998:21:54:48 +0000] "GET /french/index.html HTTP/1.0" 200 985
559 - - [30/Apr/1998:21:54:50 +0000] "GET /images/hm_bg.jpg HTTP/1.0" 200 24736
34607 - - [30/Apr/1998:21:54:51 +0000] "GET /images/backnews.gif HTTP/1.0" 200 4573
34607 - - [30/Apr/1998:21:54:51 +0000] "GET /french/images/fpnewstop.gif HTTP/1.0" 200 1317
34607 - - [30/Apr/1998:21:54:51 +0000] "GET /french/images/space.gif HTTP/1.0" 200 42
180 - - [30/Apr/1998:21:54:52 +0000] "GET /images/hm_bg.jpg HTTP/1.0" 200 24736
34607 - - [30/Apr/1998:21:54:56 +0000] "GET /images/ligne1_case5.gif HTTP/1.0" 200 1018
34607 - - [30/Apr/1998:21:54:57 +0000] "GET /images/case5.gif HTTP/1.0" 200 1362
34607 - - [30/Apr/1998:21:54:57 +0000] "GET /images/dburton.jpg HTTP/1.0" 200 12009
34607 - - [30/Apr/1998:21:54:58 +0000] "GET /images/ligne.gif HTTP/1.0" 200 169
34607 - - [30/Apr/1998:21:55:00 +0000] "GET /images/ligneb.gif HTTP/1.0" 200 169
34607 - - [30/Apr/1998:21:55:02 +0000] "GET /images/ligneb01.gif HTTP/1.0" 200 169
34607 - - [30/Apr/1998:21:55:02 +0000] "GET /images/ligne01.gif HTTP/1.0" 200 169
34607 - - [30/Apr/1998:21:55:04 +0000] "GET /images/hm_f98_top.gif HTTP/1.0" 200 915
34607 - - [30/Apr/1998:21:55:04 +0000] "GET /images/base.gif HTTP/1.0" 200 366
34607 - - [30/Apr/1998:21:55:08 +0000] "GET /french/images/news_btn_press_off.gif HTTP/1.0" 200 1795
34607 - - [30/Apr/1998:21:55:09 +0000] "GET /french/images/lateb_new.gif HTTP/1.0" 200 1285
34607 - - [30/Apr/1998:21:55:09 +0000] "GET /french/images/today_new.gif HTTP/1.0" 200 869
34607 - - [30/Apr/1998:21:55:10 +0000] "GET /images/bord_stories.gif HTTP/1.0" 200 520
34607 - - [30/Apr/1998:21:55:11 +0000] "GET /images/ligne4_latebreak.gif HTTP/1.0" 200 1056
34607 - - [30/Apr/1998:21:55:12 +0000] "GET /images/bord_stories01.gif HTTP/1.0" 200 333
34607 - - [30/Apr/1998:21:55:13 +0000] "GET /french/images/archives.gif HTTP/1.0" 200 569
34607 - - [30/Apr/1998:21:55:13 +0000] "GET /french/images/top_stories.gif HTTP/1.0" 200 1078
34607 - - [30/Apr/1998:21:55:13 +0000] "GET /french/images/news_btn_letter_off.gif HTTP/1.0" 200 871
34607 - - [30/Apr/1998:21:55:15 +0000] "GET /french/images/news_btn_kits_off.gif HTTP/1.0" 200 965
184 - - [30/Apr/1998:21:55:35 +0000] "GET /images/hm_bg.jpg HTTP/1.0" 200 24736
260 - - [30/Apr/1998:21:56:18 +0000] "GET /images/hm_bg.jpg HTTP/1.0" 200 24736
439 - - [30/Apr/1998:21:56:50 +0000] "GET /images/hm_bg.jpg HTTP/1.0" 200 24736
249 - - [30/Apr/1998:21:56:58 +0000] "GET /images/hm_bg.jpg HTTP/1.0" 200 24736
235 - - [30/Apr/1998:21:57:00 +0000] "GET /images/hm_bg.jpg HTTP/1.0" 200 24736
34607 - - [30/Apr/1998:21:57:01 +0000] "GET /french/news/3004tick.htm HTTP/1.0" 200 4234
34607 - - [30/Apr/1998:21:57:03 +0000] "GET /french/images/hm_f98_top.gif HTTP/1.0" 200 915
34607 - - [30/Apr/1998:21:57:04 +0000] "GET /images/ps_bdr_r.gif HTTP/1.0" 200 281
34607 - - [30/Apr/1998:21:57:04 +0000] "GET /images/ps_bdr_l.gif HTTP/1.0" 200 346
248 - - [30/Apr/1998:21:57:12 +0000] "GET /images/hm_bg.jpg HTTP/1.0" 200 24736
514 - - [30/Apr/1998:21:57:39 +0000] "GET /images/hm_bg.jpg HTTP/1.0" 200 24736
218 - - [30/Apr/1998:21:57:53 +0000] "GET /images/hm_bg.jpg HTTP/1.0" 200 24736
1072 - - [30/Apr/1998:21:58:00 +0000] "GET /images/hm_bg.jpg HTTP/1.0" 200 24736
128 - - [30/Apr/1998:21:58:16 +0000] "GET /images/hm_bg.jpg HTTP/1.0" 200 24736
139 - - [30/Apr/1998:21:58:26 +0000] "GET /images/hm_bg.jpg HTTP/1.0" 200 24736
20109 - - [30/Apr/1998:21:58:30 +0000] "GET /french/index.html HTTP/1.0" 304 0
20109 - - [30/Apr/1998:21:58:30 +0000] "GET /french/nav_top_inet.html HTTP/1.0" 304 0
20109 - - [30/Apr/1998:21:58:30 +0000] "GET /french/nav_inet.html HTTP/1.0" 304 0
20109 - - [30/Apr/1998:21:58:31 +0000] "GET /french/splash_inet.html HTTP/1.0" 200 3781
505 - - [30/Apr/1998:21:58:42 +0000] "GET /images/hm_bg.jpg HTTP/1.0" 200 24736
55 - - [30/Apr/1998:21:58:47 +0000] "GET /french/index.html HTTP/1.0" 200 985
34607 - - [30/Apr/1998:21:59:02 +0000] "GET /french/frntpage.htm HTTP/1.0" 200 12824
20109 - - [30/Apr/1998:21:59:03 +0000] "GET /french/ProScroll.class HTTP/1.0" 304 0
20109 - - [30/Apr/1998:21:59:04 +0000] "GET /french/images/nav_history_off.gif HTTP/1.0" 304 0
20109 - - [30/Apr/1998:21:59:04 +0000] "GET /french/images/nav_store_off.gif HTTP/1.0" 304 0
20109 - - [30/Apr/1998:21:59:04 +0000] "GET /images/nav_bg_top.gif HTTP/1.0" 200 929
20109 - - [30/Apr/1998:21:59:04 +0000] "GET /french/images/nav_tickets_off.gif HTTP/1.0" 304 0
20109 - - [30/Apr/1998:21:59:05 +0000] "GET /images/hm_brdr.gif HTTP/1.0" 304 0
20109 - - [30/Apr/1998:21:59:05 +0000] "GET /images/hm_anime_f.gif HTTP/1.0" 304 0
20109 - - [30/Apr/1998:21:59:05 +0000] "GET /images/logo_cfo.gif HTTP/1.0" 200 1504
20109 - - [30/Apr/1998:21:59:05 +0000] "GET /images/hm_day_f.gif HTTP/1.0" 304 0
20109 - - [30/Apr/1998:21:59:06 +0000] "GET /french/images/nav_team_off.gif HTTP/1.0" 304 0
20109 - - [30/Apr/1998:21:59:06 +0000] "GET /images/space.gif HTTP/1.0" 304 0
20109 - - [30/Apr/1998:21:59:06 +0000] "GET /french/images/nav_history_off.gif HTTP/1.0" 206 838
20109 - - [30/Apr/1998:21:59:07 +0000] "GET /images/hm_brdr.gif HTTP/1.0" 206 107
20109 - - [30/Apr/1998:21:59:08 +0000] "GET /french/images/nav_field_off.gif HTTP/1.0" 304 0
20109 - - [30/Apr/1998:21:59:08 +0000] "GET /french/images/nav_sitemap_off.gif HTTP/1.0" 304 0
20109 - - [30/Apr/1998:21:59:08 +0000] "GET /french/images/nav_home_off.gif HTTP/1.0" 304 0
20109 - - [30/Apr/1998:21:59:08 +0000] "GET /images/hm_brdl.gif HTTP/1.0" 200 208
20109 - - [30/Apr/1998:21:59:08 +0000] "GET /images/dot.gif HTTP/1.0" 304 0
20109 - - [30/Apr/1998:21:59:09 +0000] "GET /french/images/nav_venue_off.gif HTTP/1.0" 304 0
20109 - - [30/Apr/1998:21:59:10 +0000] "GET /french/images/nav_hosts_off.gif HTTP/1.0" 304 0
20109 - - [30/Apr/1998:21:59:11 +0000] "GET /images/hm_linkf.gif HTTP/1.0" 304 0
20109 - - [30/Apr/1998:21:59:11 +0000] "GET /french/images/nav_logo_sponsors.gif HTTP/1.0" 304 0
20109 - - [30/Apr/1998:21:59:12 +0000] "GET /images/hm_arw.gif HTTP/1.0" 200 1050
20109 - - [30/Apr/1998:21:59:12 +0000] "GET /images/info.gif HTTP/1.0" 200 1251
221 - - [30/Apr/1998:21:59:28 +0000] "GET /images/hm_bg.jpg HTTP/1.0" 200 24736
34603 - - [30/Apr/1998:21:59:41 +0000] "GET /images/hm_bg.jpg HTTP/1.0" 200 24736
175 - - [30/Apr/1998:21:59:44 +0000] "GET /images/hm_bg.jpg HTTP/1.0" 200 24736
55 - - [30/Apr/1998:21:59:44 +0000] "GET /french/index.html HTTP/1.0" 200 985
20109 - - [30/Apr/1998:21:59:46 +0000] "GET /french/competition/maincomp.htm HTTP/1.0" 200 3048
20109 - - [30/Apr/1998:21:59:48 +0000] "GET /images/comp_hm_brac.gif HTTP/1.0" 200 254
20109 - - [30/Apr/1998:21:59:48 +0000] "GET /french/images/comp_bg2_hm.jpg HTTP/1.0" 200 25676
20109 - - [30/Apr/1998:21:59:48 +0000] "GET /french/images/bar.jpg HTTP/1.0" 200 686
20109 - - [30/Apr/1998:21:59:48 +0000] "GET /french/images/comp_hm_header_shad.gif HTTP/1.0" 200 2207
20109 - - [30/Apr/1998:21:59:48 +0000] "GET /french/images/france98b.gif HTTP/1.0" 200 2122
20109 - - [30/Apr/1998:21:59:49 +0000] "GET /french/images/comp_hm_nav.gif HTTP/1.0" 200 11652
20109 - - [30/Apr/1998:21:59:50 +0000] "GET /images/comp_hm_archive.gif HTTP/1.0" 200 1644
20109 - - [30/Apr/1998:21:59:51 +0000] "GET /french/frntpage.htm HTTP/1.0" 200 12824
20109 - - [30/Apr/1998:21:59:52 +0000] "GET /images/backnews.gif HTTP/1.0" 304 0
20109 - - [30/Apr/1998:21:59:52 +0000] "GET /french/images/fpnewstop.gif HTTP/1.0" 200 1317
20109 - - [30/Apr/1998:21:59:52 +0000] "GET /french/images/space.gif HTTP/1.0" 200 42
20109 - - [30/Apr/1998:21:59:53 +0000] "GET /french/images/news_btn_letter_off.gif HTTP/1.0" 200 871
20109 - - [30/Apr/1998:21:59:53 +0000] "GET /images/hm_f98_top.gif HTTP/1.0" 200 915
20109 - - [30/Apr/1998:21:59:53 +0000] "GET /images/ligneb.gif HTTP/1.0" 200 169
20109 - - [30/Apr/1998:21:59:53 +0000] "GET /french/images/today_new.gif HTTP/1.0" 200 869
20109 - - [30/Apr/1998:21:59:54 +0000] "GET /images/case5.gif HTTP/1.0" 200 1362
20109 - - [30/Apr/1998:21:59:54 +0000] "GET /images/ligne.gif HTTP/1.0" 200 169
20109 - - [30/Apr/1998:21:59:55 +0000] "GET /images/ligneb.gif HTTP/1.0" 200 169
20109 - - [30/Apr/1998:21:59:55 +0000] "GET /images/ligne01.gif HTTP/1.0" 200 169
20109 - - [30/Apr/1998:21:59:55 +0000] "GET /images/ligneb.gif HTTP/1.0" 200 169
20109 - - [30/Apr/1998:21:59:55 +0000] "GET /french/images/news_btn_press_off.gif HTTP/1.0" 200 1795
20109 - - [30/Apr/1998:21:59:56 +0000] "GET /images/ligne01.gif HTTP/1.0" 200 169
20109 - - [30/Apr/1998:21:59:57 +0000] "GET /images/bord_stories01.gif HTTP/1.0" 200 333
20109 - - [30/Apr/1998:21:59:57 +0000] "GET /images/dburton.jpg HTTP/1.0" 200 12009
20109 - - [30/Apr/1998:21:59:57 +0000] "GET /images/ligne1_case5.gif HTTP/1.0" 200 1018
20109 - - [30/Apr/1998:21:59:57 +0000] "GET /images/ligne4_latebreak.gif HTTP/1.0" 200 1056
34602 - - [30/Apr/1998:21:59:57 +0000] "GET /fth.htm HTTP/1.1" 200 190
20109 - - [30/Apr/1998:21:59:58 +0000] "GET /french/images/news_btn_kits_off.gif HTTP/1.0" 200 965
20109 - - [30/Apr/1998:21:59:58 +0000] "GET /images/ligneb01.gif HTTP/1.0" 200 169
20109 - - [30/Apr/1998:21:59:58 +0000] "GET /images/bord_stories.gif HTTP/1.0" 200 520
20109 - - [30/Apr/1998:21:59:59 +0000] "GET /images/base.gif HTTP/1.0" 200 366
20109 - - [30/Apr/1998:21:59:59 +0000] "GET /french/images/lateb_new.gif HTTP/1.0" 200 1285
20109 - - [30/Apr/1998:21:59:59 +0000] "GET /images/ligneb01.gif HTTP/1.0" 200 169
20109 - - [30/Apr/1998:21:59:59 +0000] "GET /french/images/archives.gif HTTP/1.0" 200 569
20109 - - [30/Apr/1998:22:00:00 +0000] "GET /french/images/top_stories.gif HTTP/1.0" 200 1078
0 - - [30/Apr/1998:22:00:02 +0000] "GET /images/home_intro.anim.gif HTTP/1.0" 200 60349
1 - - [30/Apr/1998:22:00:03 +0000] "GET /images/home_bg_stars.gif HTTP/1.0" 200 2557
1 - - [30/Apr/1998:22:00:03 +0000] "GET /images/home_fr_phrase.gif HTTP/1.0" 200 2843
2 - - [30/Apr/1998:22:00:03 +0000] "GET /images/nav_bg_top.gif HTTP/1.0" 200 929
1 - - [30/Apr/1998:22:00:03 +0000] "GET /images/home_logo.gif HTTP/1.0" 200 3401
2 - - [30/Apr/1998:22:00:04 +0000] "GET /images/logo_cfo.gif HTTP/1.0" 200 1504
1 - - [30/Apr/1998:22:00:04 +0000] "GET /images/home_eng_phrase.gif HTTP/1.0" 200 2861
3 - - [30/Apr/1998:22:00:04 +0000] "GET /english/index.html HTTP/1.0" 304 0
4 - - [30/Apr/1998:22:00:04 +0000] "GET /english/frntpage.htm HTTP/1.0" 200 12800
5 - - [30/Apr/1998:22:00:04 +0000] "GET /images/hm_f98_top.gif HTTP/1.1" 200 915
6 - - [30/Apr/1998:22:00:04 +0000] "GET /images/team_hm_concacaf.gif HTTP/1.0" 200 764
6 - - [30/Apr/1998:22:00:04 +0000] "GET /images/team_hm_afc.gif HTTP/1.0" 200 475
6 - - [30/Apr/1998:22:00:04 +0000] "GET /images/team_hm_caf.gif HTTP/1.0" 200 473
7 - - [30/Apr/1998:22:00:05 +0000] "GET /english/playing/mascot/mascot.html HTTP/1.0" 200 5521
1 - - [30/Apr/1998:22:00:05 +0000] "GET /images/home_tool.gif HTTP/1.0" 200 327
8 - - [30/Apr/1998:22:00:05 +0000] "GET /english/images/comp_bu_stage1n.gif HTTP/1.0" 200 1548
8 - - [30/Apr/1998:22:00:05 +0000] "GET /english/images/comp_bu_stage2n_on.gif HTTP/1.0" 200 996
8 - - [30/Apr/1998:22:00:05 +0000] "GET /images/comp_stage2_brc_top.gif HTTP/1.0" 200 163
8 - - [30/Apr/1998:22:00:05 +0000] "GET /images/comp_stage2_brc_topr.gif HTTP/1.0" 200 163
9 - - [30/Apr/1998:22:00:05 +0000] "GET /english/history/past_cups/images/posters/france38.gif HTTP/1.0" 200 4649
3 - - [30/Apr/1998:22:00:05 +0000] "GET /english/nav_top_inet.html HTTP/1.0" 304 0
3 - - [30/Apr/1998:22:00:05 +0000] "GET /english/nav_inet.html HTTP/1.0" 200 2672
3 - - [30/Apr/1998:22:00:05 +0000] "GET /english/splash_inet.html HTTP/1.0" 200 3730
9 - - [30/Apr/1998:22:00:05 +0000] "GET /english/history/past_cups/images/38-1.jpg HTTP/1.0" 200 14315
10 - - [30/Apr/1998:22:00:05 +0000] "GET /images/cal_nant.gif HTTP/1.0" 200 359
9 - - [30/Apr/1998:22:00:05 +0000] "GET /english/history/past_cups/images/past_bu_38_on.gif HTTP/1.0" 200 507
8 - - [30/Apr/1998:22:00:05 +0000] "GET /images/comp_stage2_brc_botr.gif HTTP/1.0" 200 158
8 - - [30/Apr/1998:22:00:05 +0000] "GET /images/comp_stage2_brc_bot.gif HTTP/1.0" 200 160
8 - - [30/Apr/1998:22:00:05 +0000] "GET /images/comp_stage2_brc.gif HTTP/1.0" 200 82
11 - - [30/Apr/1998:22:00:05 +0000] "GET /images/comp_stage2_brc_botr.gif HTTP/1.0" 200 158
12 - - [30/Apr/1998:22:00:05 +0000] "GET /english/nav_top_inet.html HTTP/1.0" 200 374
10 - - [30/Apr/1998:22:00:05 +0000] "GET /images/cal_lyon.gif HTTP/1.0" 200 286
12 - - [30/Apr/1998:22:00:05 +0000] "GET /english/nav_inet.html HTTP/1.0" 200 2672
1 - - [30/Apr/1998:22:00:05 +0000] "GET /images/home_sponsor.gif HTTP/1.0" 200 2491
12 - - [30/Apr/1998:22:00:05 +0000] "GET /english/splash_inet.html HTTP/1.0" 200 3730
10 - - [30/Apr/1998:22:00:05 +0000] "GET /images/cal_mars.gif HTTP/1.0" 200 377
10 - - [30/Apr/1998:22:00:05 +0000] "GET /images/cal-lens.gif HTTP/1.0" 304 0
10 - - [30/Apr/1998:22:00:05 +0000] "GET /images/cal_toul.gif HTTP/1.0" 200 380
8 - - [30/Apr/1998:22:00:06 +0000] "GET /english/competition/stage2.htm HTTP/1.0" 200 16606
12 - - [30/Apr/1998:22:00:06 +0000] "GET /images/hm_nbg.jpg HTTP/1.0" 200 33665
10 - - [30/Apr/1998:22:00:06 +0000] "GET /images/cal-lens.gif HTTP/1.0" 206 124
8 - - [30/Apr/1998:22:00:06 +0000] "GET /english/images/comp_bg2_hm.jpg HTTP/1.0" 200 25676
8 - - [30/Apr/1998:22:00:06 +0000] "GET /english/images/comp_hm_header.gif HTTP/1.0" 304 0
10 - - [30/Apr/1998:22:00:06 +0000] "GET /images/cal_mont.gif HTTP/1.0" 200 316
8 - - [30/Apr/1998:22:00:06 +0000] "GET /english/images/space.gif HTTP/1.0" 304 0
2 - - [30/Apr/1998:22:00:06 +0000] "GET /english/images/nav_store_off.gif HTTP/1.0" 200 934
10 - - [30/Apr/1998:22:00:06 +0000] "GET /images/cal_steti.gif HTTP/1.0" 200 1125
1 - - [30/Apr/1998:22:00:06 +0000] "GET /images/home_eng_button.gif HTTP/1.0" 200 1927
5 - - [30/Apr/1998:22:00:06 +0000] "GET /french/images/news_btn_press_off.gif HTTP/1.1" 200 1795
1 - - [30/Apr/1998:22:00:06 +0000] "GET /images/home_intro.anim.gif HTTP/1.0" 200 60349
13 - - [30/Apr/1998:22:00:06 +0000] "GET /english/images/comp_hm_header.gif HTTP/1.0" 200 1189
3 - - [30/Apr/1998:22:00:06 +0000] "GET /images/nav_bg_top.gif HTTP/1.0" 304 0
14 - - [30/Apr/1998:22:00:06 +0000] "GET /images/logo_cfo.gif HTTP/1.1" 200 1504
3 - - [30/Apr/1998:22:00:06 +0000] "GET /images/logo_cfo.gif HTTP/1.0" 304 0
15 - - [30/Apr/1998:22:00:06 +0000] "GET /cgi-bin/trivia/Trivia.pl?ENG HTTP/1.0" 200 6213
13 - - [30/Apr/1998:22:00:06 +0000] "GET /english/images/france98b.gif HTTP/1.0" 200 2122
13 - - [30/Apr/1998:22:00:06 +0000] "GET /english/images/comp_bu_stage1n.gif HTTP/1.0" 200 1548
16 - - [30/Apr/1998:22:00:06 +0000] "GET /images/s102336.gif HTTP/1.0" 200 177
17 - - [30/Apr/1998:22:00:06 +0000] "GET /english/history/images/france98b.GIF HTTP/1.0" 200 915
17 - - [30/Apr/1998:22:00:06 +0000] "GET /english/history/images/football.GIF HTTP/1.0" 200 1170
18 - - [30/Apr/1998:22:00:06 +0000] "GET /english/competition/headtohead78.htm HTTP/1.0" 200 20126
3 - - [30/Apr/1998:22:00:06 +0000] "GET /english/images/nav_tickets_off.gif HTTP/1.0" 304 0
12 - - [30/Apr/1998:22:00:06 +0000] "GET /images/hm_anime_e.gif HTTP/1.0" 200 15609
17 - - [30/Apr/1998:22:00:06 +0000] "GET /english/history/images/infrance.GIF HTTP/1.0" 200 990
19 - - [30/Apr/1998:22:00:06 +0000] "GET /english/images/nav_news_off.gif HTTP/1.0" 200 853
20109 - - [30/Apr/1998:22:00:06 +0000] "GET /french/images/hm_f98_top.gif HTTP/1.0" 304 0
20109 - - [30/Apr/1998:22:00:06 +0000] "GET /images/ps_bdr_r.gif HTTP/1.0" 304 0
20109 - - [30/Apr/1998:22:00:06 +0000] "GET /french/news/3004tick.htm HTTP/1.0" 200 4234
20109 - - [30/Apr/1998:22:00:06 +0000] "GET /images/ps_bdr_l.gif HTTP/1.0" 304 0
12 - - [30/Apr/1998:22:00:07 +0000] "GET /images/logo_cfo.gif HTTP/1.0" 200 1504
19 - - [30/Apr/1998:22:00:07 +0000] "GET /english/images/nav_comp_off.gif HTTP/1.0" 200 994
3 - - [30/Apr/1998:22:00:07 +0000] "GET /images/nav_bg_bottom.jpg HTTP/1.0" 200 8389
19 - - [30/Apr/1998:22:00:07 +0000] "GET /images/nav_bg_bottom.jpg HTTP/1.0" 200 8389
8 - - [30/Apr/1998:22:00:07 +0000] "GET /english/images/france98b.gif HTTP/1.0" 200 2122
3 - - [30/Apr/1998:22:00:07 +0000] "GET /english/images/nav_news_off.gif HTTP/1.0" 304 0
3 - - [30/Apr/1998:22:00:07 +0000] "GET /english/images/nav_comp_off.gif HTTP/1.0" 304 0
1 - - [30/Apr/1998:22:00:07 +0000] "GET /images/home_fr_button.gif HTTP/1.0" 200 2140
12 - - [30/Apr/1998:22:00:07 +0000] "GET /images/space.gif HTTP/1.0" 200 42
3 - - [30/Apr/1998:22:00:07 +0000] "GET /english/images/nav_team_off.gif HTTP/1.0" 304 0
3 - - [30/Apr/1998:22:00:07 +0000] "GET /english/images/nav_venue_off.gif HTTP/1.0" 304 0
12 - - [30/Apr/1998:22:00:07 +0000] "GET /english/images/hm_official.gif HTTP/1.0" 200 1807
12 - - [30/Apr/1998:22:00:07 +0000] "GET /english/ProScroll.class HTTP/1.0" 200 6507
20 - - [30/Apr/1998:22:00:07 +0000] "GET /images/10982.gif HTTP/1.0" 200 183
20 - - [30/Apr/1998:22:00:07 +0000] "GET /images/11101.gif HTTP/1.0" 200 415
0 - - [30/Apr/1998:22:00:07 +0000] "GET /images/home_sponsor.gif HTTP/1.0" 200 2491
5 - - [30/Apr/1998:22:00:07 +0000] "GET /french/images/space.gif HTTP/1.1" 200 42
5 - - [30/Apr/1998:22:00:07 +0000] "GET /french/images/fpnewstop.gif HTTP/1.1" 200 1317
13 - - [30/Apr/1998:22:00:07 +0000] "GET /english/images/comp_bu_stage2n.gif HTTP/1.0" 200 984
2 - - [30/Apr/1998:22:00:07 +0000] "GET /english/images/nav_sitemap_off.gif HTTP/1.0" 200 416
13 - - [30/Apr/1998:22:00:07 +0000] "GET /english/images/comp_bu_groupsn_on.gif HTTP/1.0" 200 963
20 - - [30/Apr/1998:22:00:07 +0000] "GET /images/bordeaux.gif HTTP/1.0" 200 723
10 - - [30/Apr/1998:22:00:07 +0000] "GET /images/cal_bord.gif HTTP/1.0" 200 416
2 - - [30/Apr/1998:22:00:07 +0000] "GET /english/images/nav_venue_off.gif HTTP/1.0" 200 870
15 - - [30/Apr/1998:22:00:07 +0000] "GET /english/playing/images/trivia/banner.jpg HTTP/1.0" 200 19967
15 - - [30/Apr/1998:22:00:07 +0000] "GET /english/playing/images/trivia/01test.gif HTTP/1.0" 200 1664
8 - - [30/Apr/1998:22:00:07 +0000] "GET /english/images/comp_bu_stage2n_on.gif HTTP/1.0" 304 0
8 - - [30/Apr/1998:22:00:08 +0000] "GET /english/images/comp_bu_refsn.gif HTTP/1.0" 304 0
15 - - [30/Apr/1998:22:00:08 +0000] "GET /english/playing/images/trivia/quizbg.gif HTTP/1.0" 200 1460
20 - - [30/Apr/1998:22:00:08 +0000] "GET /images/lyon.gif HTTP/1.0" 200 599
12 - - [30/Apr/1998:22:00:08 +0000] "GET /images/hm_day_e.gif HTTP/1.0" 200 499
12 - - [30/Apr/1998:22:00:08 +0000] "GET /images/info.gif HTTP/1.0" 200 1251
12 - - [30/Apr/1998:22:00:08 +0000] "GET /english/images/nav_team_off.gif HTTP/1.0" 200 776
2 - - [30/Apr/1998:22:00:08 +0000] "GET /images/space.gif HTTP/1.0" 200 42
12 - - [30/Apr/1998:22:00:08 +0000] "GET /images/nav_bg_bottom.jpg HTTP/1.0" 200 8389
2 - - [30/Apr/1998:22:00:08 +0000] "GET /english/images/hm_official.gif HTTP/1.0" 200 1807
12 - - [30/Apr/1998:22:00:08 +0000] "GET /english/images/nav_comp_off.gif HTTP/1.0" 200 994
21 - - [30/Apr/1998:22:00:08 +0000] "GET /english/news/11415.htm HTTP/1.1" 200 21300
8 - - [30/Apr/1998:22:00:08 +0000] "GET /images/comp_stage2_brc_top.gif HTTP/1.0" 304 0
12 - - [30/Apr/1998:22:00:08 +0000] "GET /english/images/nav_field_off.gif HTTP/1.0" 200 1005
17 - - [30/Apr/1998:22:00:08 +0000] "GET /english/history/images/reading.GIF HTTP/1.0" 200 1171
22 - - [30/Apr/1998:22:00:08 +0000] "GET /english/teams/teamqualify124.htm HTTP/1.0" 200 3866
23 - - [30/Apr/1998:22:00:08 +0000] "GET / HTTP/1.0" 200 8712
24 - - [30/Apr/1998:22:00:08 +0000] "GET /images/space.gif HTTP/1.0" 304 0
24 - - [30/Apr/1998:22:00:09 +0000] "GET /english/playing/images/anim/trivia_on.gif HTTP/1.0" 304 0
5 - - [30/Apr/1998:22:00:09 +0000] "GET /french/images/today_new.gif HTTP/1.1" 200 869
20 - - [30/Apr/1998:22:00:09 +0000] "GET /images/saintdenis.gif HTTP/1.0" 200 702
24 - - [30/Apr/1998:22:00:09 +0000] "GET /english/playing/images/play_hm_mascot.gif HTTP/1.0" 304 0
5 - - [30/Apr/1998:22:00:09 +0000] "GET /french/images/top_stories.gif HTTP/1.1" 200 1078
5 - - [30/Apr/1998:22:00:09 +0000] "GET /images/case5.gif HTTP/1.1" 200 1362
17 - - [30/Apr/1998:22:00:09 +0000] "GET /english/history/past_cups/images/past_bu_30_off.gif HTTP/1.0" 200 406
20 - - [30/Apr/1998:22:00:09 +0000] "GET /images/toulouse.gif HTTP/1.0" 200 704
25 - - [30/Apr/1998:22:00:09 +0000] "GET /images/home_bg_stars.gif HTTP/1.1" 200 2557
26 - - [30/Apr/1998:22:00:09 +0000] "GET /english/images/nav_field_off.gif HTTP/1.0" 200 1005
27 - - [30/Apr/1998:22:00:09 +0000] "GET /english/images/teams_bu_group_on.gif HTTP/1.0" 200 668
13 - - [30/Apr/1998:22:00:09 +0000] "GET /english/images/comp_bu_refsn.gif HTTP/1.0" 200 933
28 - - [30/Apr/1998:22:00:09 +0000] "GET /english/individuals/player13893.htm HTTP/1.0" 200 6472
13 - - [30/Apr/1998:22:00:09 +0000] "GET /english/images/comp_bu_calendar.gif HTTP/1.0" 200 1197
23 - - [30/Apr/1998:22:00:10 +0000] "GET /images/home_fr_phrase.gif HTTP/1.0" 200 2843
12 - - [30/Apr/1998:22:00:10 +0000] "GET /images/nav_bg_top.gif HTTP/1.0" 200 929
23 - - [30/Apr/1998:22:00:10 +0000] "GET /images/home_logo.gif HTTP/1.0" 200 3401
15 - - [30/Apr/1998:22:00:10 +0000] "GET /english/playing/images/trivia/02how.gif HTTP/1.0" 200 754
23 - - [30/Apr/1998:22:00:10 +0000] "GET /images/home_eng_phrase.gif HTTP/1.0" 200 2861
23 - - [30/Apr/1998:22:00:10 +0000] "GET /images/home_tool.gif HTTP/1.0" 200 327
29 - - [30/Apr/1998:22:00:10 +0000] "GET /images/10511.jpg HTTP/1.0" 200 15543
20 - - [30/Apr/1998:22:00:10 +0000] "GET /images/11289.jpg HTTP/1.0" 200 6444
12 - - [30/Apr/1998:22:00:10 +0000] "GET /english/images/nav_logo_sponsors.gif HTTP/1.0" 200 1991
12 - - [30/Apr/1998:22:00:10 +0000] "GET /images/hm_brdl.gif HTTP/1.0" 200 208
23 - - [30/Apr/1998:22:00:10 +0000] "GET /images/home_sponsor.gif HTTP/1.0" 200 2491
20 - - [30/Apr/1998:22:00:10 +0000] "GET /images/11288.jpg HTTP/1.0" 200 5874
23 - - [30/Apr/1998:22:00:10 +0000] "GET /images/home_eng_button.gif HTTP/1.0" 200 1927
23 - - [30/Apr/1998:22:00:10 +0000] "GET /images/home_fr_button.gif HTTP/1.0" 200 2140
8 - - [30/Apr/1998:22:00:10 +0000] "GET /images/comp_stage2_brc.gif HTTP/1.0" 304 0
5 - - [30/Apr/1998:22:00:10 +0000] "GET /images/dburton.jpg HTTP/1.1" 200 12009
2 - - [30/Apr/1998:22:00:10 +0000] "GET /images/hm_anime_e.gif HTTP/1.0" 200 15609
12 - - [30/Apr/1998:22:00:10 +0000] "GET /images/hm_brdr.gif HTTP/1.0" 200 235
12 - - [30/Apr/1998:22:00:10 +0000] "GET /english/images/nav_news_off.gif HTTP/1.0" 200 853
15 - - [30/Apr/1998:22:00:10 +0000] "GET /english/playing/images/trivia/04luck.gif HTTP/1.0" 200 744
23 - - [30/Apr/1998:22:00:10 +0000] "GET /images/home_intro.anim.gif HTTP/1.0" 200 60349
2 - - [30/Apr/1998:22:00:10 +0000] "GET /english/ProScroll.class HTTP/1.0" 200 6507
5 - - [30/Apr/1998:22:00:10 +0000] "GET /images/bord_stories01.gif HTTP/1.1" 200 333
12 - - [30/Apr/1998:22:00:10 +0000] "GET /english/images/nav_venue_off.gif HTTP/1.0" 200 870
30 - - [30/Apr/1998:22:00:11 +0000] "GET /english/playing/download/download.html HTTP/1.0" 200 13898
2 - - [30/Apr/1998:22:00:11 +0000] "GET /english/images/nav_hosts_off.gif HTTP/1.0" 200 914
16 - - [30/Apr/1998:22:00:11 +0000] "GET /images/s102373.gif HTTP/1.0" 200 142
3 - - [30/Apr/1998:22:00:11 +0000] "GET /images/hm_day_e.gif HTTP/1.0" 200 499
3 - - [30/Apr/1998:22:00:11 +0000] "GET /images/hm_nbg.jpg HTTP/1.0" 200 33665
12 - - [30/Apr/1998:22:00:11 +0000] "GET /english/images/nav_tickets_off.gif HTTP/1.0" 200 937
3 - - [30/Apr/1998:22:00:11 +0000] "GET /images/space.gif HTTP/1.0" 304 0
3 - - [30/Apr/1998:22:00:11 +0000] "GET /english/images/hm_official.gif HTTP/1.0" 304 0
5 - - [30/Apr/1998:22:00:11 +0000] "GET /images/bord_stories.gif HTTP/1.1" 200 520
3 - - [30/Apr/1998:22:00:11 +0000] "GET /images/space.gif HTTP/1.0" 304 0
31 - - [30/Apr/1998:22:00:11 +0000] "GET /english/images/nav_store_off.gif HTTP/1.1" 200 934
15 - - [30/Apr/1998:22:00:11 +0000] "GET /english/playing/images/trivia/03score.gif HTTP/1.0" 200 572
3 - - [30/Apr/1998:22:00:11 +0000] "GET /english/images/nav_store_off.gif HTTP/1.0" 304 0
31 - - [30/Apr/1998:22:00:11 +0000] "GET /english/images/nav_hosts_off.gif HTTP/1.1" 200 914
32 - - [30/Apr/1998:22:00:11 +0000] "GET /images/home_intro.anim.gif HTTP/1.1" 200 60349
12 - - [30/Apr/1998:22:00:12 +0000] "GET /english/images/nav_sitemap_off.gif HTTP/1.0" 200 416
12 - - [30/Apr/1998:22:00:12 +0000] "GET /images/hm_linkf.gif HTTP/1.0" 200 123
12 - - [30/Apr/1998:22:00:12 +0000] "GET /english/images/nav_history_off.gif HTTP/1.0" 200 914
12 - - [30/Apr/1998:22:00:12 +0000] "GET /images/hm_arw.gif HTTP/1.0" 200 1050
12 - - [30/Apr/1998:22:00:12 +0000] "GET /english/images/nav_hosts_off.gif HTTP/1.0" 200 914
15 - - [30/Apr/1998:22:00:12 +0000] "GET /english/playing/images/trivia/submit.gif HTTP/1.0" 200 1808
17 - - [30/Apr/1998:22:00:12 +0000] "GET /english/history/past_cups/images/past_header.gif HTTP/1.0" 200 1989
12 - - [30/Apr/1998:22:00:12 +0000] "GET /english/images/nav_store_off.gif HTTP/1.0" 200 934
23 - - [30/Apr/1998:22:00:12 +0000] "GET /english/index.html HTTP/1.0" 200 892
12 - - [30/Apr/1998:22:00:12 +0000] "GET /images/dot.gif HTTP/1.0" 200 43
5 - - [30/Apr/1998:22:00:12 +0000] "GET /french/images/lateb_new.gif HTTP/1.1" 200 1285
19 - - [30/Apr/1998:22:00:12 +0000] "GET /english/images/nav_field_off.gif HTTP/1.0" 200 1005
25 - - [30/Apr/1998:22:00:12 +0000] "GET /images/home_eng_phrase.gif HTTP/1.1" 200 2861
19 - - [30/Apr/1998:22:00:12 +0000] "GET /english/images/nav_venue_off.gif HTTP/1.0" 200 870
23 - - [30/Apr/1998:22:00:12 +0000] "GET /english/nav_top_inet.html HTTP/1.0" 200 374
23 - - [30/Apr/1998:22:00:12 +0000] "GET /english/nav_inet.html HTTP/1.0" 200 2672
33 - - [30/Apr/1998:22:00:12 +0000] "GET /images/home_fr_button.gif HTTP/1.1" 200 2140
25 - - [30/Apr/1998:22:00:13 +0000] "GET /images/home_fr_button.gif HTTP/1.1" 200 2140
23 - - [30/Apr/1998:22:00:13 +0000] "GET /images/nav_bg_bottom.jpg HTTP/1.0" 200 8389
17 - - [30/Apr/1998:22:00:13 +0000] "GET /english/history/images/thecup.GIF HTTP/1.0" 200 1293
17 - - [30/Apr/1998:22:00:13 +0000] "GET /english/history/past_cups/images/past_bu_34_off.gif HTTP/1.0" 200 397
23 - - [30/Apr/1998:22:00:13 +0000] "GET /english/images/nav_team_off.gif HTTP/1.0" 200 776
12 - - [30/Apr/1998:22:00:13 +0000] "GET /english/images/nav_home_off.gif HTTP/1.0" 200 828
16 - - [30/Apr/1998:22:00:13 +0000] "GET /images/s102338.gif HTTP/1.0" 200 138
17 - - [30/Apr/1998:22:00:13 +0000] "GET /english/history/past_cups/images/past_bu_38_off.gif HTTP/1.0" 200 436
3 - - [30/Apr/1998:22:00:13 +0000] "GET /english/images/nav_sitemap_off.gif HTTP/1.0" 304 0
23 - - [30/Apr/1998:22:00:13 +0000] "GET /english/images/nav_comp_off.gif HTTP/1.0" 200 994
20 - - [30/Apr/1998:22:00:13 +0000] "GET /images/11103.gif HTTP/1.0" 200 513
3 - - [30/Apr/1998:22:00:13 +0000] "GET /english/images/nav_field_off.gif HTTP/1.0" 304 0
23 - - [30/Apr/1998:22:00:13 +0000] "GET /english/ProScroll.class HTTP/1.0" 200 6507
3 - - [30/Apr/1998:22:00:13 +0000] "GET /english/images/nav_hosts_off.gif HTTP/1.0" 304 0
23 - - [30/Apr/1998:22:00:13 +0000] "GET /english/images/nav_store_off.gif HTTP/1.0" 200 934
3 - - [30/Apr/1998:22:00:13 +0000] "GET /english/ProScroll.class HTTP/1.0" 304 0
34 - - [30/Apr/1998:22:00:13 +0000] "GET /english/playing/body.html HTTP/1.0" 200 5033
19 - - [30/Apr/1998:22:00:13 +0000] "GET /english/images/nav_hosts_off.gif HTTP/1.0" 200 914
3 - - [30/Apr/1998:22:00:13 +0000] "GET /images/hm_brdl.gif HTTP/1.0" 200 208
35 - - [30/Apr/1998:22:00:14 +0000] "GET / HTTP/1.0" 200 8712
36 - - [30/Apr/1998:22:00:14 +0000] "GET /english/frntpage.htm HTTP/1.0" 200 12800
23 - - [30/Apr/1998:22:00:14 +0000] "GET /english/images/nav_venue_off.gif HTTP/1.0" 200 870
23 - - [30/Apr/1998:22:00:14 +0000] "GET /images/space.gif HTTP/1.0" 200 42
23 - - [30/Apr/1998:22:00:14 +0000] "GET /english/images/nav_sitemap_off.gif HTTP/1.0" 200 416
20 - - [30/Apr/1998:22:00:14 +0000] "GET /images/marseille.gif HTTP/1.0" 200 722
5 - - [30/Apr/1998:22:00:14 +0000] "GET /images/ligne4_latebreak.gif HTTP/1.1" 200 1056
23 - - [30/Apr/1998:22:00:14 +0000] "GET /images/hm_linkf.gif HTTP/1.0" 200 123
23 - - [30/Apr/1998:22:00:14 +0000] "GET /english/images/nav_field_off.gif HTTP/1.0" 200 1005
23 - - [30/Apr/1998:22:00:14 +0000] "GET /english/images/nav_tickets_off.gif HTTP/1.0" 200 937
23 - - [30/Apr/1998:22:00:14 +0000] "GET /english/images/nav_history_off.gif HTTP/1.0" 200 914
24 - - [30/Apr/1998:22:00:14 +0000] "GET /cgi-bin/trivia/Trivia.pl?ENG HTTP/1.0" 200 6228
5 - - [30/Apr/1998:22:00:14 +0000] "GET /images/ligneb01.gif HTTP/1.1" 200 169
12 - - [30/Apr/1998:22:00:14 +0000] "GET /english/tickets/body.html HTTP/1.0" 200 2925
23 - - [30/Apr/1998:22:00:14 +0000] "GET /english/images/nav_hosts_off.gif HTTP/1.0" 200 914
17 - - [30/Apr/1998:22:00:14 +0000] "GET /english/history/past_cups/images/past_bu_50_on.gif HTTP/1.0" 200 455
23 - - [30/Apr/1998:22:00:14 +0000] "GET /images/hm_anime_e.gif HTTP/1.0" 200 15609
3 - - [30/Apr/1998:22:00:14 +0000] "GET /english/images/nav_history_off.gif HTTP/1.0" 304 0
37 - - [30/Apr/1998:22:00:14 +0000] "GET /french/competition/schedule.htm HTTP/1.0" 200 49256
3 - - [30/Apr/1998:22:00:14 +0000] "GET /images/hm_brdr.gif HTTP/1.0" 304 0
26 - - [30/Apr/1998:22:00:14 +0000] "GET /english/images/nav_history_off.gif HTTP/1.0" 200 914
10728 - - [30/Apr/1998:22:00:14 +0000] "GET / HTTP/1.0" 200 8749
10728 - - [30/Apr/1998:22:00:15 +0000] "GET /images/home_tool.gif HTTP/1.0" 200 327
19 - - [30/Apr/1998:22:00:15 +0000] "GET /english/images/nav_home_off.gif HTTP/1.0" 200 828
17 - - [30/Apr/1998:22:00:15 +0000] "GET /english/history/past_cups/images/past_bu_58_off.gif HTTP/1.0" 200 397
12 - - [30/Apr/1998:22:00:15 +0000] "GET /english/tickets/images/ticket_hm_bg.jpg HTTP/1.0" 200 20929
12 - - [30/Apr/1998:22:00:15 +0000] "GET /english/tickets/images/ticket_hm_header.gif HTTP/1.0" 200 1226
12 - - [30/Apr/1998:22:00:15 +0000] "GET /english/tickets/images/ticket_hm_nav.gif HTTP/1.0" 200 11253
12 - - [30/Apr/1998:22:00:15 +0000] "GET /images/arw_red_lk.gif HTTP/1.0" 200 1068
23 - - [30/Apr/1998:22:00:15 +0000] "GET /english/images/nav_home_off.gif HTTP/1.0" 200 828
23 - - [30/Apr/1998:22:00:15 +0000] "GET /english/images/nav_logo_sponsors.gif HTTP/1.0" 200 1991
21 - - [30/Apr/1998:22:00:15 +0000] "GET /english/images/news_hm_header.gif HTTP/1.1" 200 527
21 - - [30/Apr/1998:22:00:15 +0000] "GET /images/bg_generic.jpg HTTP/1.1" 200 21127
38 - - [30/Apr/1998:22:00:15 +0000] "GET /english/teams/teamgroup.htm HTTP/1.0" 200 11971
21 - - [30/Apr/1998:22:00:15 +0000] "GET /english/images/space.gif HTTP/1.1" 200 42
23 - - [30/Apr/1998:22:00:15 +0000] "GET /images/info.gif HTTP/1.0" 200 1251
34 - - [30/Apr/1998:22:00:15 +0000] "GET /english/playing/images/play_hm_bg_opt1.jpg HTTP/1.0" 200 44502
5 - - [30/Apr/1998:22:00:15 +0000] "GET /images/ligne.gif HTTP/1.1" 200 169
3 - - [30/Apr/1998:22:00:15 +0000] "GET /english/images/nav_logo_sponsors.gif HTTP/1.0" 304 0
12 - - [30/Apr/1998:22:00:15 +0000] "GET /images/arw_lk.gif HTTP/1.0" 200 669
19 - - [30/Apr/1998:22:00:15 +0000] "GET /english/images/nav_history_off.gif HTTP/1.0" 200 914
35 - - [30/Apr/1998:22:00:15 +0000] "GET /images/home_bg_stars.gif HTTP/1.0" 200 2557
23 - - [30/Apr/1998:22:00:16 +0000] "GET /images/hm_brdl.gif HTTP/1.0" 200 208
5 - - [30/Apr/1998:22:00:16 +0000] "GET /french/images/news_btn_kits_off.gif HTTP/1.1" 200 965
23 - - [30/Apr/1998:22:00:16 +0000] "GET /images/space.gif HTTP/1.0" 200 42
23 - - [30/Apr/1998:22:00:16 +0000] "GET /english/images/hm_official.gif HTTP/1.0" 200 1807
23 - - [30/Apr/1998:22:00:16 +0000] "GET /images/hm_arw.gif HTTP/1.0" 200 1050
19 - - [30/Apr/1998:22:00:16 +0000] "GET /english/images/nav_sitemap_off.gif HTTP/1.0" 200 416
17 - - [30/Apr/1998:22:00:16 +0000] "GET /english/history/past_cups/images/past_bu_62_off.gif HTTP/1.0" 200 437
23 - - [30/Apr/1998:22:00:16 +0000] "GET /images/hm_day_e.gif HTTP/1.0" 200 499
17 - - [30/Apr/1998:22:00:16 +0000] "GET /english/history/past_cups/images/past_bu_66_off.gif HTTP/1.0" 200 435
17 - - [30/Apr/1998:22:00:16 +0000] "GET /english/history/past_cups/images/past_bu_70_off.gif HTTP/1.0" 200 409
39 - - [30/Apr/1998:22:00:16 +0000] "GET /english/history/images/history_hm_header.gif HTTP/1.1" 200 688
39 - - [30/Apr/1998:22:00:16 +0000] "GET /english/history/images/history_hm_posters.jpg HTTP/1.1" 200 33296
201 - - [30/Apr/1998:22:00:16 +0000] "GET /images/hm_bg.jpg HTTP/1.0" 200 24736
25 - - [30/Apr/1998:22:00:17 +0000] "GET /images/home_eng_button.gif HTTP/1.1" 200 1927
23 - - [30/Apr/1998:22:00:17 +0000] "GET /images/dot.gif HTTP/1.0" 200 43
17 - - [30/Apr/1998:22:00:17 +0000] "GET /english/history/past_cups/images/past_bu_74_off.gif HTTP/1.0" 200 423
1 - - [30/Apr/1998:22:00:17 +0000] "GET /english/index.html HTTP/1.0" 200 892
5 - - [30/Apr/1998:22:00:17 +0000] "GET /images/ligneb.gif HTTP/1.1" 200 169
35 - - [30/Apr/1998:22:00:17 +0000] "GET /images/home_eng_phrase.gif HTTP/1.0" 200 2861
35 - - [30/Apr/1998:22:00:17 +0000] "GET /images/home_fr_button.gif HTTP/1.0" 200 2140
35 - - [30/Apr/1998:22:00:17 +0000] "GET /images/home_tool.gif HTTP/1.0" 200 327
35 - - [30/Apr/1998:22:00:17 +0000] "GET /images/home_sponsor.gif HTTP/1.0" 200 2491
35 - - [30/Apr/1998:22:00:17 +0000] "GET /images/home_eng_button.gif HTTP/1.0" 200 1927
17 - - [30/Apr/1998:22:00:17 +0000] "GET /english/history/past_cups/images/past_bu_78_off.gif HTTP/1.0" 200 427
16 - - [30/Apr/1998:22:00:17 +0000] "GET /english/images/team_group_header_d.gif HTTP/1.0" 200 646
17 - - [30/Apr/1998:22:00:18 +0000] "GET /english/history/past_cups/images/past_bu_82_off.gif HTTP/1.0" 200 433
40 - - [30/Apr/1998:22:00:18 +0000] "GET /english/history/past_cups/italy34.html HTTP/1.1" 200 13022
17 - - [30/Apr/1998:22:00:18 +0000] "GET /english/history/past_cups/images/past_bu_86_off.gif HTTP/1.0" 200 409
19 - - [30/Apr/1998:22:00:18 +0000] "GET /english/images/nav_store_off.gif HTTP/1.0" 200 934
1 - - [30/Apr/1998:22:00:18 +0000] "GET /english/index.html HTTP/1.0" 200 892
37 - - [30/Apr/1998:22:00:18 +0000] "GET /french/images/space.gif HTTP/1.0" 200 42
19 - - [30/Apr/1998:22:00:18 +0000] "GET /english/images/nav_tickets_off.gif HTTP/1.0" 200 937
19 - - [30/Apr/1998:22:00:18 +0000] "GET /english/images/nav_logo_sponsors.gif HTTP/1.0" 200 1991
8 - - [30/Apr/1998:22:00:18 +0000] "GET /english/images/comp_bu_groupsn_on.gif HTTP/1.0" 200 963
22 - - [30/Apr/1998:22:00:18 +0000] "GET /english/images/team_bu_detail2.gif HTTP/1.0" 200 1438
17 - - [30/Apr/1998:22:00:18 +0000] "GET /english/history/past_cups/images/past_bu_90_off.gif HTTP/1.0" 200 429
38 - - [30/Apr/1998:22:00:18 +0000] "GET /english/images/teams_bu_group_on.gif HTTP/1.0" 200 668
20 - - [30/Apr/1998:22:00:19 +0000] "GET /images/nantes.gif HTTP/1.0" 200 677
16 - - [30/Apr/1998:22:00:19 +0000] "GET /images/s102326.gif HTTP/1.0" 200 248
17 - - [30/Apr/1998:22:00:19 +0000] "GET /english/history/past_cups/images/past_bu_94_off.gif HTTP/1.0" 200 432
1 - - [30/Apr/1998:22:00:19 +0000] "GET /english/nav_top_inet.html HTTP/1.0" 200 374
17 - - [30/Apr/1998:22:00:19 +0000] "GET /english/history/past_cups/images/past_bracket_top.gif HTTP/1.0" 200 289
20 - - [30/Apr/1998:22:00:19 +0000] "GET /images/saintetienne.gif HTTP/1.0" 200 761
20 - - [30/Apr/1998:22:00:19 +0000] "GET /images/11287.jpg HTTP/1.0" 200 6431
17 - - [30/Apr/1998:22:00:20 +0000] "GET /english/history/past_cups/images/posters/brasil50.gif HTTP/1.0" 200 5003
20 - - [30/Apr/1998:22:00:20 +0000] "GET /images/lens.gif HTTP/1.0" 200 582
17 - - [30/Apr/1998:22:00:20 +0000] "GET /english/history/past_cups/images/past_bracket_bot.gif HTTP/1.0" 200 631
17 - - [30/Apr/1998:22:00:20 +0000] "GET /english/history/past_cups/images/past_trophy.gif HTTP/1.0" 200 800
41 - - [30/Apr/1998:22:00:20 +0000] "GET /images/col.gif HTTP/1.0" 304 -
17 - - [30/Apr/1998:22:00:21 +0000] "GET /english/history/past_cups/images/50-1.jpg HTTP/1.0" 200 15314
1 - - [30/Apr/1998:22:00:21 +0000] "GET /images/hm_nbg.jpg HTTP/1.0" 304 0
40 - - [30/Apr/1998:22:00:21 +0000] "GET /english/history/past_cups/images/past_bu_30_off.gif HTTP/1.1" 200 406
40 - - [30/Apr/1998:22:00:21 +0000] "GET /english/history/past_cups/images/past_bu_34_on.gif HTTP/1.1" 200 474
16 - - [30/Apr/1998:22:00:21 +0000] "GET /images/s102477.gif HTTP/1.0" 200 214
26 - - [30/Apr/1998:22:00:21 +0000] "GET /english/images/nav_hosts_off.gif HTTP/1.0" 200 914
26 - - [30/Apr/1998:22:00:21 +0000] "GET /english/images/nav_store_off.gif HTTP/1.0" 200 934
8 - - [30/Apr/1998:22:00:21 +0000] "GET /english/teams/teamgroup.htm HTTP/1.0" 200 11971
38 - - [30/Apr/1998:22:00:21 +0000] "GET /images/s102325.gif HTTP/1.0" 200 187
15 - - [30/Apr/1998:22:00:22 +0000] "GET /english/playing/links.html HTTP/1.0" 200 18694
40 - - [30/Apr/1998:22:00:22 +0000] "GET /english/history/past_cups/images/34-1.jpg HTTP/1.1" 200 14275
8 - - [30/Apr/1998:22:00:22 +0000] "GET /images/teams_hm_bg.jpg HTTP/1.0" 200 18794
42 - - [30/Apr/1998:22:00:22 +0000] "GET /english/frntpage.htm HTTP/1.0" 200 12800
25 - - [30/Apr/1998:22:00:22 +0000] "GET /images/home_sponsor.gif HTTP/1.1" 200 2491
8 - - [30/Apr/1998:22:00:22 +0000] "GET /english/images/team_group_header_a.gif HTTP/1.0" 200 639
8 - - [30/Apr/1998:22:00:22 +0000] "GET /english/images/teams_bu_group_on.gif HTTP/1.0" 200 668
8 - - [30/Apr/1998:22:00:22 +0000] "GET /english/images/teams_bu_confed_off.gif HTTP/1.0" 200 1105
43 - - [30/Apr/1998:22:00:22 +0000] "GET /english/individuals/player111722.htm HTTP/1.0" 200 6523
20 - - [30/Apr/1998:22:00:23 +0000] "GET /images/montpellier.gif HTTP/1.0" 200 728
12 - - [30/Apr/1998:22:00:23 +0000] "GET /english/tickets/out_france.html HTTP/1.0" 200 6143
20 - - [30/Apr/1998:22:00:23 +0000] "GET /images/11105.gif HTTP/1.0" 200 114
12 - - [30/Apr/1998:22:00:23 +0000] "GET /english/tickets/images/ticket_quest_bg2.jpg HTTP/1.0" 200 11324
12 - - [30/Apr/1998:22:00:23 +0000] "GET /english/tickets/images/ticket_header.gif HTTP/1.0" 200 453
12 - - [30/Apr/1998:22:00:23 +0000] "GET /english/tickets/images/hm_f98_top.gif HTTP/1.0" 200 1647
21 - - [30/Apr/1998:22:00:23 +0000] "GET /english/images/news_bu_press_off.gif HTTP/1.1" 200 847
44 - - [30/Apr/1998:22:00:23 +0000] "GET /english/teams/teambio169.htm HTTP/1.1" 200 11157
38 - - [30/Apr/1998:22:00:23 +0000] "GET /images/s102327.gif HTTP/1.0" 200 97
21 - - [30/Apr/1998:22:00:23 +0000] "GET /english/images/news_bu_letter_off.gif HTTP/1.1" 200 940
45 - - [30/Apr/1998:22:00:23 +0000] "GET /english/frntpage.htm HTTP/1.1" 200 12800
32 - - [30/Apr/1998:22:00:23 +0000] "GET /english/nav_inet.html HTTP/1.1" 200 2672
15 - - [30/Apr/1998:22:00:23 +0000] "GET /english/playing/images/backg.gif HTTP/1.0" 200 1462
15 - - [30/Apr/1998:22:00:23 +0000] "GET /english/playing/images/play_header.gif HTTP/1.0" 200 2262
20 - - [30/Apr/1998:22:00:23 +0000] "GET /images/paris_off.gif HTTP/1.0" 200 658
8 - - [30/Apr/1998:22:00:23 +0000] "GET /images/teams_hm_bracket.gif HTTP/1.0" 200 655
8 - - [30/Apr/1998:22:00:24 +0000] "GET /english/images/team_group_header_c.gif HTTP/1.0" 200 670
29 - - [30/Apr/1998:22:00:24 +0000] "GET /images/32t49811.jpg HTTP/1.0" 200 4753
37 - - [30/Apr/1998:22:00:24 +0000] "GET /images/cal-lens.gif HTTP/1.0" 200 284
40 - - [30/Apr/1998:22:00:24 +0000] "GET /english/history/past_cups/images/posters/italy34.gif HTTP/1.1" 200 4474
12 - - [30/Apr/1998:22:00:24 +0000] "GET /english/tickets/images/ticket_bu_quest2.gif HTTP/1.0" 200 1201
38 - - [30/Apr/1998:22:00:24 +0000] "GET /images/s102424.gif HTTP/1.0" 200 164
20 - - [30/Apr/1998:22:00:24 +0000] "GET /images/11102.gif HTTP/1.0" 200 417
15 - - [30/Apr/1998:22:00:24 +0000] "GET /english/playing/images/france98b.GIF HTTP/1.0" 200 597
39 - - [30/Apr/1998:22:00:24 +0000] "GET /english/history/images/france98b.GIF HTTP/1.1" 200 915
39 - - [30/Apr/1998:22:00:24 +0000] "GET /english/history/images/football.GIF HTTP/1.1" 200 1170
46 - - [30/Apr/1998:22:00:24 +0000] "GET /english/venues/venues/saint-denis.html HTTP/1.0" 200 22760
12 - - [30/Apr/1998:22:00:25 +0000] "GET /english/tickets/images/ticket_bu_abroad2_on.gif HTTP/1.0" 200 2020
47 - - [30/Apr/1998:22:00:25 +0000] "GET / HTTP/1.0" 200 8712
12 - - [30/Apr/1998:22:00:25 +0000] "GET /english/tickets/images/ticket_abroad_header.gif HTTP/1.0" 200 3606
15 - - [30/Apr/1998:22:00:25 +0000] "GET /english/playing/images/mascots.GIF HTTP/1.0" 200 1275
44 - - [30/Apr/1998:22:00:25 +0000] "GET /images/10512.jpg HTTP/1.1" 200 17227
44 - - [30/Apr/1998:22:00:25 +0000] "GET /images/32t49809.jpg HTTP/1.1" 200 5623
32 - - [30/Apr/1998:22:00:25 +0000] "GET /images/nav_bg_bottom.jpg HTTP/1.1" 200 8389
12 - - [30/Apr/1998:22:00:25 +0000] "GET /english/tickets/images/ticket_bu_infrance2.gif HTTP/1.0" 200 1134
43 - - [30/Apr/1998:22:00:25 +0000] "GET /images/32p49815.jpg HTTP/1.0" 200 11735
43 - - [30/Apr/1998:22:00:25 +0000] "GET /english/images/team_bu_detail_off.gif HTTP/1.0" 200 918
44 - - [30/Apr/1998:22:00:25 +0000] "GET /images/esp.gif HTTP/1.1" 200 1892
38 - - [30/Apr/1998:22:00:25 +0000] "GET /english/images/team_group_header_a.gif HTTP/1.0" 200 639
48 - - [30/Apr/1998:22:00:25 +0000] "GET /english/help/site.html HTTP/1.0" 200 7697
15 - - [30/Apr/1998:22:00:25 +0000] "GET /english/playing/images/downloads.GIF HTTP/1.0" 200 1294
37 - - [30/Apr/1998:22:00:26 +0000] "GET /french/images/comp_bu_stage1n.gif HTTP/1.0" 200 1547
25 - - [30/Apr/1998:22:00:26 +0000] "GET /french/index.html HTTP/1.1" 200 954
21 - - [30/Apr/1998:22:00:26 +0000] "GET /english/images/news_bu_kits_off.gif HTTP/1.1" 200 1027
15 - - [30/Apr/1998:22:00:26 +0000] "GET /english/playing/images/links_on.GIF HTTP/1.0" 200 1393
15 - - [30/Apr/1998:22:00:26 +0000] "GET /english/playing/images/trivia.GIF HTTP/1.0" 200 999
0 - - [30/Apr/1998:22:00:26 +0000] "GET /english/index.html HTTP/1.0" 200 892
32 - - [30/Apr/1998:22:00:26 +0000] "GET /english/nav_top_inet.html HTTP/1.1" 200 374
46 - - [30/Apr/1998:22:00:27 +0000] "GET /english/venues/cities/images/denis/venue_denn_bg.jpg HTTP/1.0" 304 -
8 - - [30/Apr/1998:22:00:27 +0000] "GET /english/images/team_hm_header_shad.gif HTTP/1.0" 200 1379
46 - - [30/Apr/1998:22:00:27 +0000] "GET /images/11295.jpg HTTP/1.0" 304 -
46 - - [30/Apr/1998:22:00:27 +0000] "GET /images/11294.jpg HTTP/1.0" 304 -
8 - - [30/Apr/1998:22:00:27 +0000] "GET /english/images/team_group_header_b.gif HTTP/1.0" 200 665
38 - - [30/Apr/1998:22:00:27 +0000] "GET /images/s102330.gif HTTP/1.0" 200 259
15 - - [30/Apr/1998:22:00:27 +0000] "GET /english/playing/images/banner2.gif HTTP/1.0" 200 15328
49 - - [30/Apr/1998:22:00:27 +0000] "GET /english/news/2704nevi.htm HTTP/1.0" 200 3132
38 - - [30/Apr/1998:22:00:27 +0000] "GET /english/images/team_group_header_b.gif HTTP/1.0" 200 665
15 - - [30/Apr/1998:22:00:27 +0000] "GET /english/playing/images/fifa_logo_sm.gif HTTP/1.0" 200 2900
39 - - [30/Apr/1998:22:00:27 +0000] "GET /english/history/images/infrance.GIF HTTP/1.1" 200 990
34607 - - [30/Apr/1998:22:00:27 +0000] "GET /french/news/3004bres.htm HTTP/1.0" 200 5933
50 - - [30/Apr/1998:22:00:28 +0000] "GET /english/playing/download/images/big.bird.gif HTTP/1.0" 304 0
8 - - [30/Apr/1998:22:00:28 +0000] "GET /english/images/team_group_header_e.gif HTTP/1.0" 200 643
41 - - [30/Apr/1998:22:00:29 +0000] "GET /english/images/team_bu_detail_on.gif HTTP/1.0" 304 -
30 - - [30/Apr/1998:22:00:29 +0000] "GET /english/playing/mascot/images/misc.gif HTTP/1.0" 200 2997
8 - - [30/Apr/1998:22:00:29 +0000] "GET /english/images/team_group_header_g.gif HTTP/1.0" 200 641
38 - - [30/Apr/1998:22:00:29 +0000] "GET /images/s102382.gif HTTP/1.0" 200 102
12 - - [30/Apr/1998:22:00:29 +0000] "GET /english/tickets/10484.htm HTTP/1.0" 200 16722
8 - - [30/Apr/1998:22:00:29 +0000] "GET /english/images/team_group_header_h.gif HTTP/1.0" 200 628
12 - - [30/Apr/1998:22:00:29 +0000] "GET /english/tickets/images/ticket_bu_abroad2.gif HTTP/1.0" 200 1486
12 - - [30/Apr/1998:22:00:30 +0000] "GET /images/11103.gif HTTP/1.0" 200 513
8 - - [30/Apr/1998:22:00:30 +0000] "GET /english/images/team_group_header_d.gif HTTP/1.0" 200 646
5 - - [30/Apr/1998:22:00:30 +0000] "GET /french/images/archives.gif HTTP/1.1" 200 569
39 - - [30/Apr/1998:22:00:30 +0000] "GET /english/history/images/reading.GIF HTTP/1.1" 200 1171
32 - - [30/Apr/1998:22:00:30 +0000] "GET /english/ProScroll.class HTTP/1.1" 200 6507
8 - - [30/Apr/1998:22:00:30 +0000] "GET /english/images/team_group_header_f.gif HTTP/1.0" 200 631
26 - - [30/Apr/1998:22:00:30 +0000] "GET /english/images/nav_sitemap_off.gif HTTP/1.0" 200 416
34607 - - [30/Apr/1998:22:00:30 +0000] "GET /images/bord_g.gif HTTP/1.0" 200 231
34607 - - [30/Apr/1998:22:00:30 +0000] "GET /images/bord_d.gif HTTP/1.0" 200 231
12 - - [30/Apr/1998:22:00:31 +0000] "GET /images/10982.gif HTTP/1.0" 200 183
38 - - [30/Apr/1998:22:00:31 +0000] "GET /images/s102373.gif HTTP/1.0" 200 142
38 - - [30/Apr/1998:22:00:31 +0000] "GET /images/s102328.gif HTTP/1.0" 200 236
39 - - [30/Apr/1998:22:00:31 +0000] "GET /english/history/past_cups/images/past_header.gif HTTP/1.1" 200 1989
51 - - [30/Apr/1998:22:00:31 +0000] "GET /english/teams/teambio160.htm HTTP/1.1" 200 11097
38 - - [30/Apr/1998:22:00:31 +0000] "GET /english/images/team_group_header_f.gif HTTP/1.0" 200 631
52 - - [30/Apr/1998:22:00:31 +0000] "GET /english/member/body.html HTTP/1.1" 200 5097
10 - - [30/Apr/1998:22:00:32 +0000] "GET /english/competition/stage2.htm HTTP/1.0" 200 16606
0 - - [30/Apr/1998:22:00:32 +0000] "GET /english/nav_top_inet.html HTTP/1.0" 200 374
53 - - [30/Apr/1998:22:00:32 +0000] "GET /english/competition/headtohead75.htm HTTP/1.1" 200 5152
25 - - [30/Apr/1998:22:00:32 +0000] "GET /french/nav_top_inet.html HTTP/1.1" 200 374
0 - - [30/Apr/1998:22:00:32 +0000] "GET /english/nav_inet.html HTTP/1.0" 200 2672
0 - - [30/Apr/1998:22:00:32 +0000] "GET /english/splash_inet.html HTTP/1.0" 200 3730
39 - - [30/Apr/1998:22:00:32 +0000] "GET /english/history/images/history_hm_header.gif HTTP/1.1" 200 688
47 - - [30/Apr/1998:22:00:32 +0000] "GET /english/index.html HTTP/1.0" 304 0
37 - - [30/Apr/1998:22:00:32 +0000] "GET /images/cal_nant.gif HTTP/1.0" 200 359
37 - - [30/Apr/1998:22:00:32 +0000] "GET /images/cal_stdenis.gif HTTP/1.0" 200 402
41 - - [30/Apr/1998:22:00:32 +0000] "GET /images/32t49807.jpg HTTP/1.0" 304 -
32 - - [30/Apr/1998:22:00:33 +0000] "GET /english/images/nav_news_off.gif HTTP/1.1" 200 853
38 - - [30/Apr/1998:22:00:33 +0000] "GET /images/s102320.gif HTTP/1.0" 200 259
42 - - [30/Apr/1998:22:00:33 +0000] "GET /images/backnews.gif HTTP/1.0" 200 4573
38 - - [30/Apr/1998:22:00:33 +0000] "GET /images/s102438.gif HTTP/1.0" 200 297
54 - - [30/Apr/1998:22:00:33 +0000] "GET /english/playing/download/images/big.bird.gif HTTP/1.0" 200 4870
0 - - [30/Apr/1998:22:00:33 +0000] "GET /english/images/nav_news_off.gif HTTP/1.0" 200 853
38 - - [30/Apr/1998:22:00:33 +0000] "GET /images/s102329.gif HTTP/1.0" 200 159
10 - - [30/Apr/1998:22:00:33 +0000] "GET /images/comp_stage2_brc_bot.gif HTTP/1.0" 200 160
26 - - [30/Apr/1998:22:00:34 +0000] "GET /english/images/nav_home_off.gif HTTP/1.0" 200 828
0 - - [30/Apr/1998:22:00:34 +0000] "GET /images/space.gif HTTP/1.0" 200 42
41 - - [30/Apr/1998:22:00:34 +0000] "GET /english/images/team_hm_header.gif HTTP/1.0" 304 -
32 - - [30/Apr/1998:22:00:34 +0000] "GET /english/images/nav_team_off.gif HTTP/1.1" 200 776
38 - - [30/Apr/1998:22:00:34 +0000] "GET /english/images/team_group_header_c.gif HTTP/1.0" 200 670
52 - - [30/Apr/1998:22:00:34 +0000] "GET /english/member/images/submit.gif HTTP/1.1" 200 447
12 - - [30/Apr/1998:22:00:34 +0000] "GET /images/10981.gif HTTP/1.0" 200 173
39 - - [30/Apr/1998:22:00:34 +0000] "GET /english/history/past_cups/images/past_bu_34_off.gif HTTP/1.1" 200 397
38 - - [30/Apr/1998:22:00:34 +0000] "GET /images/s102377.gif HTTP/1.0" 200 173
12 - - [30/Apr/1998:22:00:34 +0000] "GET /images/11116.gif HTTP/1.0" 200 667
26 - - [30/Apr/1998:22:00:35 +0000] "GET /english/images/nav_logo_sponsors.gif HTTP/1.0" 200 1991
12 - - [30/Apr/1998:22:00:35 +0000] "GET /images/11106.gif HTTP/1.0" 200 114
12 - - [30/Apr/1998:22:00:35 +0000] "GET /images/11105.gif HTTP/1.0" 200 114
12 - - [30/Apr/1998:22:00:35 +0000] "GET /images/11102.gif HTTP/1.0" 200 417
39 - - [30/Apr/1998:22:00:35 +0000] "GET /english/history/past_cups/images/past_bu_38_off.gif HTTP/1.1" 200 436
38 - - [30/Apr/1998:22:00:35 +0000] "GET /english/images/team_group_header_h.gif HTTP/1.0" 200 628
25 - - [30/Apr/1998:22:00:35 +0000] "GET /images/nav_bg_top.gif HTTP/1.1" 200 929
52 - - [30/Apr/1998:22:00:35 +0000] "GET / HTTP/1.1" 200 8712
12 - - [30/Apr/1998:22:00:35 +0000] "GET /images/11101.gif HTTP/1.0" 200 415
32 - - [30/Apr/1998:22:00:35 +0000] "GET /english/images/nav_venue_off.gif HTTP/1.1" 200 870
55 - - [30/Apr/1998:22:00:36 +0000] "GET / HTTP/1.0" 200 8712
56 - - [30/Apr/1998:22:00:36 +0000] "GET /images/home_intro.anim.gif HTTP/1.0" 200 60349
38 - - [30/Apr/1998:22:00:36 +0000] "GET /images/s102443.gif HTTP/1.0" 200 165
46 - - [30/Apr/1998:22:00:36 +0000] "GET /images/paris.gif HTTP/1.0" 304 -
38 - - [30/Apr/1998:22:00:36 +0000] "GET /images/s140875.gif HTTP/1.0" 200 184
37 - - [30/Apr/1998:22:00:36 +0000] "GET /images/cal_bord.gif HTTP/1.0" 200 416
37 - - [30/Apr/1998:22:00:36 +0000] "GET /images/cal_steti.gif HTTP/1.0" 200 1125
37 - - [30/Apr/1998:22:00:36 +0000] "GET /images/cal_mont.gif HTTP/1.0" 200 316
51 - - [30/Apr/1998:22:00:36 +0000] "GET /images/32t49813.jpg HTTP/1.1" 200 4714
2 - - [30/Apr/1998:22:00:36 +0000] "GET /english/images/hm_f98_top.gif HTTP/1.0" 200 915
23 - - [30/Apr/1998:22:00:37 +0000] "GET /english/tickets/body.html HTTP/1.0" 200 2925
52 - - [30/Apr/1998:22:00:37 +0000] "GET /english/member/images/cfologo.gif HTTP/1.1" 200 2820
52 - - [30/Apr/1998:22:00:37 +0000] "GET /english/member/images/member_header.jpg HTTP/1.1" 200 10457
32 - - [30/Apr/1998:22:00:37 +0000] "GET /english/news/3004bres.htm HTTP/1.1" 200 5765
38 - - [30/Apr/1998:22:00:37 +0000] "GET /images/s102386.gif HTTP/1.0" 200 279
41 - - [30/Apr/1998:22:00:37 +0000] "GET /images/news_hm_arw.gif HTTP/1.0" 304 -
39 - - [30/Apr/1998:22:00:37 +0000] "GET /english/history/past_cups/images/past_bu_54_off.gif HTTP/1.1" 200 403
38 - - [30/Apr/1998:22:00:37 +0000] "GET /images/s102326.gif HTTP/1.0" 200 248
23 - - [30/Apr/1998:22:00:37 +0000] "GET /english/tickets/images/ticket_hm_bg.jpg HTTP/1.0" 200 20929
23 - - [30/Apr/1998:22:00:37 +0000] "GET /english/tickets/images/ticket_hm_header.gif HTTP/1.0" 200 1226
23 - - [30/Apr/1998:22:00:37 +0000] "GET /english/tickets/images/ticket_hm_nav.gif HTTP/1.0" 200 11253
33 - - [30/Apr/1998:22:00:38 +0000] "GET /images/home_tool.gif HTTP/1.1" 200 327
38 - - [30/Apr/1998:22:00:38 +0000] "GET /english/competition/maincomp.htm HTTP/1.0" 304 0
46 - - [30/Apr/1998:22:00:38 +0000] "GET /images/11291.jpg HTTP/1.0" 304 -
47 - - [30/Apr/1998:22:00:38 +0000] "GET /english/ProScroll.class HTTP/1.0" 304 0
39 - - [30/Apr/1998:22:00:38 +0000] "GET /english/history/past_cups/images/past_bu_58_off.gif HTTP/1.1" 200 397
25 - - [30/Apr/1998:22:00:39 +0000] "GET /french/images/nav_news_off.gif HTTP/1.1" 200 855
57 - - [30/Apr/1998:22:00:39 +0000] "GET /images/hm_f98_top.gif HTTP/1.0" 200 915
47 - - [30/Apr/1998:22:00:39 +0000] "GET /english/images/nav_field_off.gif HTTP/1.0" 304 0
58 - - [30/Apr/1998:22:00:39 +0000] "GET /images/logo_cfo.gif HTTP/1.0" 200 1504
57 - - [30/Apr/1998:22:00:39 +0000] "GET /images/ligne1_case5.gif HTTP/1.0" 200 1018
57 - - [30/Apr/1998:22:00:39 +0000] "GET /english/images/top_stories.gif HTTP/1.0" 200 1210
47 - - [30/Apr/1998:22:00:40 +0000] "GET /images/hm_arw.gif HTTP/1.0" 200 1050
47 - - [30/Apr/1998:22:00:40 +0000] "GET /images/hm_linkf.gif HTTP/1.0" 304 0
38 - - [30/Apr/1998:22:00:40 +0000] "GET /english/images/team_hm_header_shad.gif HTTP/1.0" 200 1379
38 - - [30/Apr/1998:22:00:40 +0000] "GET /english/images/comp_hm_nav.gif HTTP/1.0" 304 0
25 - - [30/Apr/1998:22:00:41 +0000] "GET /french/images/nav_venue_off.gif HTTP/1.1" 200 945
47 - - [30/Apr/1998:22:00:41 +0000] "GET /images/info.gif HTTP/1.0" 304 0
59 - - [30/Apr/1998:22:00:41 +0000] "GET /english/news/2704leag.htm HTTP/1.0" 200 4801
60 - - [30/Apr/1998:22:00:41 +0000] "GET /images/10531.jpg HTTP/1.0" 200 16554
47 - - [30/Apr/1998:22:00:41 +0000] "GET /english/images/nav_hosts_off.gif HTTP/1.0" 304 0
47 - - [30/Apr/1998:22:00:41 +0000] "GET /images/dot.gif HTTP/1.0" 304 0
47 - - [30/Apr/1998:22:00:41 +0000] "GET /english/images/nav_home_off.gif HTTP/1.0" 304 0
47 - - [30/Apr/1998:22:00:41 +0000] "GET /images/hm_day_e.gif HTTP/1.0" 304 0
47 - - [30/Apr/1998:22:00:41 +0000] "GET /english/images/nav_store_off.gif HTTP/1.0" 304 0
61 - - [30/Apr/1998:22:00:42 +0000] "GET /english/venues/cities/montpellier.html HTTP/1.0" 200 9686
62 - - [30/Apr/1998:22:00:42 +0000] "GET /english/playing/links.html HTTP/1.0" 200 18694
23 - - [30/Apr/1998:22:00:42 +0000] "GET /images/arw_lk.gif HTTP/1.0" 200 669
63 - - [30/Apr/1998:22:00:42 +0000] "GET /images/home_bg_stars.gif HTTP/1.0" 200 2557
63 - - [30/Apr/1998:22:00:42 +0000] "GET /images/home_fr_phrase.gif HTTP/1.0" 200 2843
63 - - [30/Apr/1998:22:00:42 +0000] "GET /images/home_logo.gif HTTP/1.0" 200 3401
47 - - [30/Apr/1998:22:00:42 +0000] "GET /english/images/nav_tickets_off.gif HTTP/1.0" 304 0
47 - - [30/Apr/1998:22:00:42 +0000] "GET /english/images/nav_team_off.gif HTTP/1.0" 304 0
46 - - [30/Apr/1998:22:00:42 +0000] "GET /images/sdffr.gif HTTP/1.0" 304 -
47 - - [30/Apr/1998:22:00:42 +0000] "GET /english/images/nav_history_off.gif HTTP/1.0" 304 0
39 - - [30/Apr/1998:22:00:42 +0000] "GET /english/history/past_cups/images/past_bu_62_off.gif HTTP/1.1" 200 437
39 - - [30/Apr/1998:22:00:42 +0000] "GET /english/history/past_cups/images/past_bu_66_off.gif HTTP/1.1" 200 435
64 - - [30/Apr/1998:22:00:43 +0000] "GET /images/home_tool.gif HTTP/1.0" 200 327
38 - - [30/Apr/1998:22:00:43 +0000] "GET /english/images/comp_hm_nav.gif HTTP/1.0" 206 10902
25 - - [30/Apr/1998:22:00:43 +0000] "GET /french/images/nav_tickets_off.gif HTTP/1.1" 200 965
57 - - [30/Apr/1998:22:00:43 +0000] "GET /images/case5.gif HTTP/1.0" 200 1362
65 - - [30/Apr/1998:22:00:43 +0000] "GET /english/index.html HTTP/1.0" 200 892
30 - - [30/Apr/1998:22:00:43 +0000] "GET /english/playing/mascot/images/button.03.gif HTTP/1.0" 200 893
57 - - [30/Apr/1998:22:00:43 +0000] "GET /images/bord_stories.gif HTTP/1.0" 200 520
57 - - [30/Apr/1998:22:00:43 +0000] "GET /images/bord_stories01.gif HTTP/1.0" 200 333
65 - - [30/Apr/1998:22:00:44 +0000] "GET /english/nav_inet.html HTTP/1.0" 200 2672
65 - - [30/Apr/1998:22:00:44 +0000] "GET /english/splash_inet.html HTTP/1.0" 200 3730
39 - - [30/Apr/1998:22:00:44 +0000] "GET /english/history/past_cups/images/past_bu_70_off.gif HTTP/1.1" 200 409
65 - - [30/Apr/1998:22:00:44 +0000] "GET /images/nav_bg_bottom.jpg HTTP/1.0" 200 8389
65 - - [30/Apr/1998:22:00:44 +0000] "GET /english/images/nav_team_off.gif HTTP/1.0" 200 776
6 - - [30/Apr/1998:22:00:44 +0000] "GET /french/venues/body.html HTTP/1.0" 200 2042
65 - - [30/Apr/1998:22:00:44 +0000] "GET /english/images/nav_news_off.gif HTTP/1.0" 200 853
65 - - [30/Apr/1998:22:00:44 +0000] "GET /images/nav_bg_top.gif HTTP/1.0" 200 929
64 - - [30/Apr/1998:22:00:44 +0000] "GET /images/home_sponsor.gif HTTP/1.0" 200 2491
65 - - [30/Apr/1998:22:00:44 +0000] "GET /images/logo_cfo.gif HTTP/1.0" 200 1504
65 - - [30/Apr/1998:22:00:44 +0000] "GET /images/hm_nbg.jpg HTTP/1.0" 200 33665
65 - - [30/Apr/1998:22:00:44 +0000] "GET /english/images/nav_comp_off.gif HTTP/1.0" 200 994
66 - - [30/Apr/1998:22:00:44 +0000] "GET / HTTP/1.0" 200 8712
62 - - [30/Apr/1998:22:00:44 +0000] "GET /english/playing/images/backg.gif HTTP/1.0" 200 1462
67 - - [30/Apr/1998:22:00:44 +0000] "GET /english/individuals/player389.htm HTTP/1.0" 200 7001
47 - - [30/Apr/1998:22:00:44 +0000] "GET /english/teams/teamgroup.htm HTTP/1.0" 200 11971
7 - - [30/Apr/1998:22:00:45 +0000] "GET /english/playing/images/play_header.gif HTTP/1.0" 200 2262
30 - - [30/Apr/1998:22:00:45 +0000] "GET /english/playing/mascot/images/footix.test.gif HTTP/1.0" 200 20385
6 - - [30/Apr/1998:22:00:45 +0000] "GET /french/venues/images/Venue_map_mid_off.gif HTTP/1.0" 200 9911
25 - - [30/Apr/1998:22:00:45 +0000] "GET /french/images/nav_field_off.gif HTTP/1.1" 200 982
64 - - [30/Apr/1998:22:00:45 +0000] "GET /images/home_intro.anim.gif HTTP/1.0" 200 60349
6 - - [30/Apr/1998:22:00:45 +0000] "GET /french/venues/images/Venue_map_top_off.gif HTTP/1.0" 200 8369
6 - - [30/Apr/1998:22:00:45 +0000] "GET /french/venues/images/venue_hm_nav.gif HTTP/1.0" 200 7644
68 - - [30/Apr/1998:22:00:45 +0000] "GET /english/venues/cities/images/montpellier/venue_mont_header.jpg HTTP/1.0" 200 11562
69 - - [30/Apr/1998:22:00:45 +0000] "GET /english/history/history_of/images/cup/cup.gif HTTP/1.0" 200 5469
34 - - [30/Apr/1998:22:00:45 +0000] "GET /english/history/body.html HTTP/1.0" 200 2909
70 - - [30/Apr/1998:22:00:45 +0000] "GET /english/venues/cities/images/marseille/mars_c.gif HTTP/1.0" 200 369
64 - - [30/Apr/1998:22:00:46 +0000] "GET /images/home_fr_button.gif HTTP/1.0" 200 2140
66 - - [30/Apr/1998:22:00:46 +0000] "GET / HTTP/1.0" 200 8712
6 - - [30/Apr/1998:22:00:46 +0000] "GET /french/venues/images/Venue_map_bot_off.gif HTTP/1.0" 200 7397
71 - - [30/Apr/1998:22:00:46 +0000] "GET /english/teams/teambio148.htm HTTP/1.0" 200 10857
72 - - [30/Apr/1998:22:00:46 +0000] "GET / HTTP/1.0" 200 8712
39 - - [30/Apr/1998:22:00:46 +0000] "GET /english/history/past_cups/images/past_bu_78_off.gif HTTP/1.1" 200 427
67 - - [30/Apr/1998:22:00:46 +0000] "GET /images/102373.gif HTTP/1.0" 200 1703
47 - - [30/Apr/1998:22:00:46 +0000] "GET /english/images/teams_bu_group_on.gif HTTP/1.0" 304 0
67 - - [30/Apr/1998:22:00:46 +0000] "GET /images/32p49804.jpg HTTP/1.0" 200 11023
47 - - [30/Apr/1998:22:00:46 +0000] "GET /english/images/teams_bu_confed_off.gif HTTP/1.0" 304 0
71 - - [30/Apr/1998:22:00:47 +0000] "GET /images/32t49812.jpg HTTP/1.0" 200 4132
71 - - [30/Apr/1998:22:00:47 +0000] "GET /images/ger.gif HTTP/1.0" 200 1603
39 - - [30/Apr/1998:22:00:47 +0000] "GET /english/history/past_cups/images/past_bu_82_off.gif HTTP/1.1" 200 433
25 - - [30/Apr/1998:22:00:47 +0000] "GET /french/images/nav_store_off.gif HTTP/1.1" 200 976
65 - - [30/Apr/1998:22:00:47 +0000] "GET /images/space.gif HTTP/1.0" 200 42
65 - - [30/Apr/1998:22:00:47 +0000] "GET /english/images/hm_official.gif HTTP/1.0" 200 1807
47 - - [30/Apr/1998:22:00:47 +0000] "GET /images/s102325.gif HTTP/1.0" 304 0
65 - - [30/Apr/1998:22:00:47 +0000] "GET /images/space.gif HTTP/1.0" 200 42
47 - - [30/Apr/1998:22:00:47 +0000] "GET /english/images/team_group_header_a.gif HTTP/1.0" 304 0
65 - - [30/Apr/1998:22:00:47 +0000] "GET /english/images/nav_field_off.gif HTTP/1.0" 200 1005
65 - - [30/Apr/1998:22:00:47 +0000] "GET /english/images/nav_history_off.gif HTTP/1.0" 200 914
65 - - [30/Apr/1998:22:00:48 +0000] "GET /english/ProScroll.class HTTP/1.0" 200 6507
47 - - [30/Apr/1998:22:00:48 +0000] "GET /images/s102424.gif HTTP/1.0" 304 0
39 - - [30/Apr/1998:22:00:48 +0000] "GET /english/history/past_cups/images/past_bu_86_off.gif HTTP/1.1" 200 409
47 - - [30/Apr/1998:22:00:48 +0000] "GET /images/s102487.gif HTTP/1.0" 304 0
65 - - [30/Apr/1998:22:00:48 +0000] "GET /english/images/nav_hosts_off.gif HTTP/1.0" 200 914
65 - - [30/Apr/1998:22:00:48 +0000] "GET /images/hm_brdl.gif HTTP/1.0" 200 208
73 - - [30/Apr/1998:22:00:48 +0000] "GET / HTTP/1.1" 304 0
62 - - [30/Apr/1998:22:00:48 +0000] "GET /english/playing/images/links_on.GIF HTTP/1.0" 200 1393
62 - - [30/Apr/1998:22:00:48 +0000] "GET /english/playing/images/banner2.gif HTTP/1.0" 200 15328
66 - - [30/Apr/1998:22:00:48 +0000] "GET /images/home_bg_stars.gif HTTP/1.0" 200 2557
57 - - [30/Apr/1998:22:00:48 +0000] "GET /english/images/lateb_new.gif HTTP/1.0" 200 1431
47 - - [30/Apr/1998:22:00:48 +0000] "GET /images/s102477.gif HTTP/1.0" 304 0
65 - - [30/Apr/1998:22:00:48 +0000] "GET /english/images/nav_sitemap_off.gif HTTP/1.0" 200 416
65 - - [30/Apr/1998:22:00:48 +0000] "GET /english/images/nav_logo_sponsors.gif HTTP/1.0" 200 1991
47 - - [30/Apr/1998:22:00:48 +0000] "GET /english/images/team_group_header_e.gif HTTP/1.0" 304 0
65 - - [30/Apr/1998:22:00:48 +0000] "GET /images/hm_linkf.gif HTTP/1.0" 200 123
65 - - [30/Apr/1998:22:00:49 +0000] "GET /images/info.gif HTTP/1.0" 200 1251
74 - - [30/Apr/1998:22:00:49 +0000] "GET / HTTP/1.0" 304 -
75 - - [30/Apr/1998:22:00:49 +0000] "GET /english/competition/stage2.htm HTTP/1.0" 200 16606
47 - - [30/Apr/1998:22:00:49 +0000] "GET /images/s102324.gif HTTP/1.0" 304 0
25 - - [30/Apr/1998:22:00:49 +0000] "GET /french/images/nav_sitemap_off.gif HTTP/1.1" 200 413
65 - - [30/Apr/1998:22:00:49 +0000] "GET /images/hm_day_e.gif HTTP/1.0" 200 499
14 - - [30/Apr/1998:22:00:49 +0000] "GET /images/home_bg_stars.gif HTTP/1.1" 200 2557
47 - - [30/Apr/1998:22:00:49 +0000] "GET /images/s102376.gif HTTP/1.0" 304 0
40 - - [30/Apr/1998:22:00:49 +0000] "GET /english/history/past_cups/france38.html HTTP/1.1" 200 12669
73 - - [30/Apr/1998:22:00:49 +0000] "GET /images/home_fr_phrase.gif HTTP/1.1" 200 2843
73 - - [30/Apr/1998:22:00:49 +0000] "GET /images/home_intro.anim.gif HTTP/1.1" 200 60349
65 - - [30/Apr/1998:22:00:49 +0000] "GET /images/hm_brdr.gif HTTP/1.0" 200 235
65 - - [30/Apr/1998:22:00:49 +0000] "GET /english/images/nav_store_off.gif HTTP/1.0" 200 934
76 - - [30/Apr/1998:22:00:49 +0000] "GET /english/competition/stage1.htm HTTP/1.1" 200 36783
65 - - [30/Apr/1998:22:00:49 +0000] "GET /images/hm_arw.gif HTTP/1.0" 200 1050
53 - - [30/Apr/1998:22:00:49 +0000] "GET /english/competition/headtohead76.htm HTTP/1.1" 200 16909
65 - - [30/Apr/1998:22:00:49 +0000] "GET /images/dot.gif HTTP/1.0" 200 43
2 - - [30/Apr/1998:22:00:49 +0000] "GET /english/images/nav_history_off.gif HTTP/1.0" 200 914
73 - - [30/Apr/1998:22:00:49 +0000] "GET /images/home_eng_phrase.gif HTTP/1.1" 200 2861
2 - - [30/Apr/1998:22:00:50 +0000] "GET /english/images/nav_field_off.gif HTTP/1.0" 200 1005
66 - - [30/Apr/1998:22:00:50 +0000] "GET /images/home_fr_phrase.gif HTTP/1.0" 200 2843
1 - - [30/Apr/1998:22:00:50 +0000] "GET /english/images/hm_official.gif HTTP/1.0" 200 1807
1 - - [30/Apr/1998:22:00:50 +0000] "GET /images/nav_bg_top.gif HTTP/1.0" 200 929
66 - - [30/Apr/1998:22:00:50 +0000] "GET /images/home_intro.anim.gif HTTP/1.0" 200 60349
1 - - [30/Apr/1998:22:00:50 +0000] "GET /images/logo_cfo.gif HTTP/1.0" 200 1504
1 - - [30/Apr/1998:22:00:50 +0000] "GET /images/space.gif HTTP/1.0" 200 42
77 - - [30/Apr/1998:22:00:50 +0000] "GET /english/images/france98b.gif HTTP/1.0" 200 2122
1 - - [30/Apr/1998:22:00:50 +0000] "GET /english/ProScroll.class HTTP/1.0" 200 6507
77 - - [30/Apr/1998:22:00:50 +0000] "GET /english/images/space.gif HTTP/1.0" 200 42
57 - - [30/Apr/1998:22:00:50 +0000] "GET /images/ligne4_latebreak.gif HTTP/1.0" 200 1056
47 - - [30/Apr/1998:22:00:50 +0000] "GET /images/s102373.gif HTTP/1.0" 304 0
47 - - [30/Apr/1998:22:00:50 +0000] "GET /images/s102443.gif HTTP/1.0" 304 0
232 - - [30/Apr/1998:22:00:50 +0000] "GET /images/hm_bg.jpg HTTP/1.0" 200 24736
66 - - [30/Apr/1998:22:00:51 +0000] "GET /images/home_eng_phrase.gif HTTP/1.0" 200 2861
75 - - [30/Apr/1998:22:00:51 +0000] "GET /english/images/comp_bu_stage2n_on.gif HTTP/1.0" 200 996
57 - - [30/Apr/1998:22:00:51 +0000] "GET /images/ligneb.gif HTTP/1.0" 200 169
39 - - [30/Apr/1998:22:00:51 +0000] "GET /english/history/past_cups/images/past_bu_94_off.gif HTTP/1.1" 200 432
77 - - [30/Apr/1998:22:00:51 +0000] "GET /english/images/comp_bu_stage1n.gif HTTP/1.0" 200 1548
47 - - [30/Apr/1998:22:00:51 +0000] "GET /images/s140875.gif HTTP/1.0" 304 0
47 - - [30/Apr/1998:22:00:51 +0000] "GET /images/s102321.gif HTTP/1.0" 304 0
6 - - [30/Apr/1998:22:00:51 +0000] "GET /french/venues/cities/images/denis/venue_denn_bg.jpg HTTP/1.0" 200 21003
6 - - [30/Apr/1998:22:00:51 +0000] "GET /french/venues/images/venue_header.gif HTTP/1.0" 200 740
75 - - [30/Apr/1998:22:00:51 +0000] "GET /images/comp_stage2_brc_top.gif HTTP/1.0" 200 163
75 - - [30/Apr/1998:22:00:51 +0000] "GET /images/comp_stage2_brc_topr.gif HTTP/1.0" 304 -
25 - - [30/Apr/1998:22:00:51 +0000] "GET /images/hm_nbg.jpg HTTP/1.1" 200 33665
6 - - [30/Apr/1998:22:00:51 +0000] "GET /french/venues/images/venue_bu_city_on.gif HTTP/1.0" 200 1061
66 - - [30/Apr/1998:22:00:51 +0000] "GET /images/home_tool.gif HTTP/1.0" 200 327
47 - - [30/Apr/1998:22:00:51 +0000] "GET /english/images/team_group_header_g.gif HTTP/1.0" 304 0
47 - - [30/Apr/1998:22:00:51 +0000] "GET /images/s102357.gif HTTP/1.0" 304 0
75 - - [30/Apr/1998:22:00:51 +0000] "GET /images/comp_stage2_brc_bot.gif HTTP/1.0" 200 160
69 - - [30/Apr/1998:22:00:51 +0000] "GET /english/history/history_of/images/cup/coup_du_mondtxt.gif HTTP/1.0" 200 5053
73 - - [30/Apr/1998:22:00:51 +0000] "GET /images/home_fr_button.gif HTTP/1.1" 200 2140
1 - - [30/Apr/1998:22:00:51 +0000] "GET /images/nav_bg_bottom.jpg HTTP/1.0" 200 8389
1 - - [30/Apr/1998:22:00:51 +0000] "GET /english/images/nav_news_off.gif HTTP/1.0" 200 853
1 - - [30/Apr/1998:22:00:51 +0000] "GET /english/images/nav_comp_off.gif HTTP/1.0" 200 994
47 - - [30/Apr/1998:22:00:51 +0000] "GET /english/images/team_hm_header_shad.gif HTTP/1.0" 304 0
47 - - [30/Apr/1998:22:00:52 +0000] "GET /english/images/team_group_header_c.gif HTTP/1.0" 304 0
78 - - [30/Apr/1998:22:00:52 +0000] "GET /english/venues/cities/images/montpellier/12eglise.jpg HTTP/1.0" 200 3035
47 - - [30/Apr/1998:22:00:52 +0000] "GET /images/s102383.gif HTTP/1.0" 304 0
6 - - [30/Apr/1998:22:00:52 +0000] "GET /french/venues/cities/images/denis/12maisons.jpg HTTP/1.0" 200 2559
75 - - [30/Apr/1998:22:00:52 +0000] "GET /images/comp_stage2_brc_botr.gif HTTP/1.0" 200 158
6 - - [30/Apr/1998:22:00:52 +0000] "GET /french/venues/cities/images/denis/denis_a.gif HTTP/1.0" 200 520
70 - - [30/Apr/1998:22:00:52 +0000] "GET /english/venues/cities/images/montpellier/17mystery.gif HTTP/1.0" 200 542
79 - - [30/Apr/1998:22:00:52 +0000] "GET /english/history/images/history_hm_bg2.jpg HTTP/1.0" 200 22515
79 - - [30/Apr/1998:22:00:52 +0000] "GET /english/history/images/history_hm_header.gif HTTP/1.0" 200 688
2 - - [30/Apr/1998:22:00:52 +0000] "GET /english/images/nav_home_off.gif HTTP/1.0" 200 828
1 - - [30/Apr/1998:22:00:52 +0000] "GET /images/hm_day_e.gif HTTP/1.0" 200 499
70 - - [30/Apr/1998:22:00:52 +0000] "GET /english/venues/cities/images/montpellier/18corum.gif HTTP/1.0" 200 650
66 - - [30/Apr/1998:22:00:52 +0000] "GET /images/home_eng_button.gif HTTP/1.0" 200 1927
80 - - [30/Apr/1998:22:00:52 +0000] "GET /english/news/player01.htm HTTP/1.0" 200 42591
79 - - [30/Apr/1998:22:00:52 +0000] "GET /english/history/images/history_hm_3094.gif HTTP/1.0" 304 0
79 - - [30/Apr/1998:22:00:52 +0000] "GET /english/history/images/history_hm_posters.jpg HTTP/1.0" 304 0
39 - - [30/Apr/1998:22:00:52 +0000] "GET /english/history/past_cups/images/past_bracket_top.gif HTTP/1.1" 200 289
2 - - [30/Apr/1998:22:00:52 +0000] "GET /english/images/nav_tickets_off.gif HTTP/1.0" 200 937
47 - - [30/Apr/1998:22:00:52 +0000] "GET /images/s102380.gif HTTP/1.0" 304 0
6 - - [30/Apr/1998:22:00:52 +0000] "GET /french/venues/cities/images/denis/16tradition.gif HTTP/1.0" 200 387
66 - - [30/Apr/1998:22:00:52 +0000] "GET /images/home_sponsor.gif HTTP/1.0" 200 2491
70 - - [30/Apr/1998:22:00:53 +0000] "GET /english/venues/cities/images/marseille/mars_t.gif HTTP/1.0" 200 353
73 - - [30/Apr/1998:22:00:53 +0000] "GET /images/home_tool.gif HTTP/1.1" 200 327
81 - - [30/Apr/1998:22:00:53 +0000] "GET / HTTP/1.0" 200 8712
5 - - [30/Apr/1998:22:00:53 +0000] "GET /french/news/3004arge.htm HTTP/1.1" 200 4869
78 - - [30/Apr/1998:22:00:53 +0000] "GET /english/venues/cities/images/marseille/mars_i.gif HTTP/1.0" 200 314
1 - - [30/Apr/1998:22:00:53 +0000] "GET /images/hm_arw.gif HTTP/1.0" 200 1050
77 - - [30/Apr/1998:22:00:53 +0000] "GET /english/images/comp_bu_stage2n.gif HTTP/1.0" 200 984
2 - - [30/Apr/1998:22:00:53 +0000] "GET /english/images/nav_logo_sponsors.gif HTTP/1.0" 200 1991
62 - - [30/Apr/1998:22:00:53 +0000] "GET /english/playing/images/fifa_logo_sm.gif HTTP/1.0" 200 2900
68 - - [30/Apr/1998:22:00:53 +0000] "GET /english/venues/cities/images/marseille/mars_a.gif HTTP/1.0" 200 434
47 - - [30/Apr/1998:22:00:53 +0000] "GET /images/s102320.gif HTTP/1.0" 304 0
3 - - [30/Apr/1998:22:00:53 +0000] "GET /english/images/fpnewstop.gif HTTP/1.0" 200 568
1 - - [30/Apr/1998:22:00:53 +0000] "GET /english/images/nav_venue_off.gif HTTP/1.0" 200 870
3 - - [30/Apr/1998:22:00:53 +0000] "GET /english/images/news_btn_letter_off.gif HTTP/1.0" 200 852
47 - - [30/Apr/1998:22:00:53 +0000] "GET /images/s102353.gif HTTP/1.0" 304 0
6 - - [30/Apr/1998:22:00:53 +0000] "GET /french/venues/cities/images/denis/17commercial.gif HTTP/1.0" 200 614
57 - - [30/Apr/1998:22:00:53 +0000] "GET /images/ligne.gif HTTP/1.0" 200 169
47 - - [30/Apr/1998:22:00:53 +0000] "GET /images/s102329.gif HTTP/1.0" 304 0
3 - - [30/Apr/1998:22:00:53 +0000] "GET /english/images/news_btn_kits_off.gif HTTP/1.0" 200 933
57 - - [30/Apr/1998:22:00:53 +0000] "GET /images/ligne01.gif HTTP/1.0" 200 169
7 - - [30/Apr/1998:22:00:53 +0000] "GET /english/playing/images/links.GIF HTTP/1.0" 200 1394
47 - - [30/Apr/1998:22:00:53 +0000] "GET /images/s102377.gif HTTP/1.0" 304 0
47 - - [30/Apr/1998:22:00:54 +0000] "GET /images/s102328.gif HTTP/1.0" 304 0
66 - - [30/Apr/1998:22:00:54 +0000] "GET /images/home_fr_button.gif HTTP/1.0" 200 2140
47 - - [30/Apr/1998:22:00:54 +0000] "GET /images/s102323.gif HTTP/1.0" 304 0
34 - - [30/Apr/1998:22:00:54 +0000] "GET /english/history/images/history_hm_3094.gif HTTP/1.0" 200 1031
69 - - [30/Apr/1998:22:00:54 +0000] "GET /english/history/history_of/images/cup/trophytxt.gif HTTP/1.0" 200 1425
6 - - [30/Apr/1998:22:00:54 +0000] "GET /french/venues/cities/images/denis/19historical.gif HTTP/1.0" 200 616
57 - - [30/Apr/1998:22:00:54 +0000] "GET /images/base.gif HTTP/1.0" 200 366
79 - - [30/Apr/1998:22:00:54 +0000] "GET /english/history/images/history_hm_nav.gif HTTP/1.0" 304 0
47 - - [30/Apr/1998:22:00:54 +0000] "GET /english/images/team_group_header_f.gif HTTP/1.0" 304 0
6 - - [30/Apr/1998:22:00:54 +0000] "GET /french/venues/cities/images/denis/18collect.gif HTTP/1.0" 200 714
47 - - [30/Apr/1998:22:00:54 +0000] "GET /images/s102442.gif HTTP/1.0" 304 0
34 - - [30/Apr/1998:22:00:55 +0000] "GET /english/history/images/history_hm_nav.gif HTTP/1.0" 200 18328
